Loading required package: dynamicTreeCut
Loading required package: fastcluster

Attaching package: ‘fastcluster’

The following object is masked from ‘package:stats’:

    hclust



Attaching package: ‘WGCNA’

The following object is masked from ‘package:stats’:

    cor


Attaching package: ‘dplyr’

The following objects are masked from ‘package:stats’:

    filter, lag

The following objects are masked from ‘package:base’:

    intersect, setdiff, setequal, union

Allowing parallel execution with up to 79 working processes.
Loading required package: dynamicTreeCut
Loading required package: fastcluster

Attaching package: ‘fastcluster’

The following object is masked from ‘package:stats’:

    hclust

pickSoftThreshold: will use block size 2017.
 pickSoftThreshold: calculating connectivity for given powers...
   ..working on genes 1 through 2017 of 22177
   ..working on genes 2018 through 4034 of 22177
Loading required package: dynamicTreeCut
Loading required package: fastcluster

Attaching package: ‘fastcluster’

The following object is masked from ‘package:stats’:

    hclust


   ..working on genes 4035 through 6051 of 22177

Attaching package: ‘WGCNA’

The following object is masked from ‘package:stats’:

    cor


Attaching package: ‘dplyr’

The following objects are masked from ‘package:stats’:

    filter, lag

The following objects are masked from ‘package:base’:

    intersect, setdiff, setequal, union

   ..working on genes 6052 through 8068 of 22177
Allowing parallel execution with up to 79 working processes.


Attaching package: ‘WGCNA’

The following object is masked from ‘package:stats’:

    cor


Attaching package: ‘dplyr’

The following objects are masked from ‘package:stats’:

    filter, lag

The following objects are masked from ‘package:base’:

    intersect, setdiff, setequal, union

Allowing parallel execution with up to 79 working processes.
   ..working on genes 8069 through 10085 of 22177
pickSoftThreshold: will use block size 2015.
 pickSoftThreshold: calculating connectivity for given powers...
   ..working on genes 1 through 2015 of 22199
   ..working on genes 10086 through 12102 of 22177
   ..working on genes 2016 through 4030 of 22199
pickSoftThreshold: will use block size 2034.
 pickSoftThreshold: calculating connectivity for given powers...
   ..working on genes 1 through 2034 of 21988
   ..working on genes 4031 through 6045 of 22199
   ..working on genes 12103 through 14119 of 22177
   ..working on genes 2035 through 4068 of 21988
   ..working on genes 6046 through 8060 of 22199
   ..working on genes 4069 through 6102 of 21988
   ..working on genes 14120 through 16136 of 22177
   ..working on genes 6103 through 8136 of 21988
   ..working on genes 16137 through 18153 of 22177
   ..working on genes 8061 through 10075 of 22199
   ..working on genes 8137 through 10170 of 21988
   ..working on genes 10076 through 12090 of 22199
   ..working on genes 18154 through 20170 of 22177
   ..working on genes 10171 through 12204 of 21988
   ..working on genes 12091 through 14105 of 22199
   ..working on genes 20171 through 22177 of 22177
   ..working on genes 12205 through 14238 of 21988
   ..working on genes 14106 through 16120 of 22199
   ..working on genes 14239 through 16272 of 21988
   ..working on genes 16121 through 18135 of 22199
   Power SFT.R.sq slope truncated.R.sq  mean.k. median.k.  max.k.
1      1    0.266 -1.40          0.906 3.55e+03  3.37e+03 6550.00
2      2    0.708 -1.89          0.942 9.29e+02  7.83e+02 2920.00
3      3    0.790 -2.07          0.929 3.20e+02  2.28e+02 1590.00
4      4    0.787 -2.13          0.914 1.32e+02  7.67e+01  968.00
5      5    0.768 -2.17          0.914 6.24e+01  2.87e+01  634.00
6      6    0.794 -2.08          0.938 3.26e+01  1.17e+01  437.00
7      7    0.806 -2.05          0.954 1.84e+01  5.08e+00  313.00
8      8    0.819 -1.99          0.965 1.11e+01  2.34e+00  230.00
9      9    0.835 -1.93          0.977 6.96e+00  1.12e+00  173.00
10    10    0.824 -1.92          0.978 4.56e+00  5.64e-01  132.00
11    11    0.834 -1.89          0.983 3.09e+00  2.92e-01  102.00
12    12    0.844 -1.86          0.986 2.15e+00  1.56e-01   80.50
13    13    0.850 -1.83          0.989 1.53e+00  8.49e-02   63.90
14    14    0.858 -1.81          0.990 1.11e+00  4.72e-02   51.20
15    15    0.865 -1.79          0.991 8.21e-01  2.69e-02   41.40
16    16    0.892 -1.73          0.998 6.17e-01  1.55e-02   33.70
17    17    0.898 -1.71          0.997 4.70e-01  9.09e-03   27.60
18    18    0.902 -1.69          0.997 3.63e-01  5.39e-03   22.80
19    19    0.905 -1.67          0.995 2.83e-01  3.24e-03   18.90
20    20    0.910 -1.65          0.994 2.23e-01  1.96e-03   15.70
21    21    0.921 -1.62          0.993 1.77e-01  1.20e-03   13.20
22    22    0.921 -1.61          0.992 1.42e-01  7.40e-04   11.30
23    23    0.916 -1.61          0.993 1.15e-01  4.56e-04    9.79
24    24    0.913 -1.61          0.989 9.39e-02  2.85e-04    8.49
25    25    0.916 -1.60          0.994 7.71e-02  1.78e-04    7.39
26    26    0.901 -1.62          0.992 6.37e-02  1.12e-04    6.46
27    27    0.906 -1.60          0.994 5.29e-02  7.06e-05    5.67
28    28    0.910 -1.59          0.996 4.42e-02  4.51e-05    4.99
29    29    0.913 -1.57          0.996 3.72e-02  2.88e-05    4.40
30    30    0.914 -1.57          0.996 3.14e-02  1.83e-05    3.90
 Calculating module eigengenes block-wise from all genes
   Flagging genes and samples with too many missing values...
    ..step 1
 ....pre-clustering genes to determine blocks..
   Projective K-means:
   ..working on genes 16273 through 18306 of 21988
   ..k-means clustering..
   ..working on genes 18136 through 20150 of 22199
   ..working on genes 18307 through 20340 of 21988
   ..working on genes 20151 through 22165 of 22199
   ..working on genes 20341 through 21988 of 21988
   ..working on genes 22166 through 22199 of 22199
   Power SFT.R.sq  slope truncated.R.sq  mean.k. median.k. max.k.
1      1   0.0168 -0.289          0.796 3.76e+03  3.52e+03 6860.0
2      2   0.6880 -1.410          0.904 1.05e+03  8.55e+02 3220.0
3      3   0.8150 -1.690          0.901 3.87e+02  2.58e+02 1830.0
4      4   0.8050 -1.780          0.882 1.71e+02  9.09e+01 1160.0
5      5   0.8060 -1.790          0.896 8.63e+01  3.58e+01  790.0
6      6   0.8340 -1.750          0.926 4.77e+01  1.52e+01  564.0
7      7   0.8370 -1.730          0.940 2.83e+01  6.87e+00  417.0
8      8   0.8450 -1.720          0.951 1.77e+01  3.26e+00  317.0
9      9   0.8370 -1.730          0.956 1.16e+01  1.62e+00  246.0
10    10   0.8430 -1.720          0.964 7.83e+00  8.37e-01  194.0
11    11   0.8590 -1.700          0.974 5.45e+00  4.49e-01  155.0
12    12   0.8610 -1.710          0.980 3.88e+00  2.48e-01  127.0
13    13   0.8660 -1.710          0.986 2.83e+00  1.41e-01  105.0
14    14   0.8720 -1.710          0.988 2.09e+00  8.04e-02   88.2
15    15   0.8680 -1.730          0.989 1.58e+00  4.68e-02   74.4
16    16   0.8730 -1.730          0.993 1.20e+00  2.79e-02   63.2
17    17   0.8780 -1.730          0.993 9.28e-01  1.69e-02   54.1
18    18   0.8530 -1.760          0.974 7.25e-01  1.02e-02   46.5
19    19   0.8710 -1.760          0.994 5.72e-01  6.34e-03   40.2
20    20   0.8740 -1.760          0.985 4.55e-01  3.94e-03   34.9
21    21   0.8820 -1.740          0.995 3.65e-01  2.50e-03   30.4
22    22   0.8890 -1.740          0.995 2.96e-01  1.60e-03   26.6
23    23   0.8940 -1.730          0.995 2.41e-01  1.02e-03   23.4
24    24   0.9000 -1.720          0.995 1.97e-01  6.49e-04   20.6
25    25   0.8910 -1.730          0.986 1.63e-01  4.18e-04   18.2
26    26   0.8950 -1.730          0.985 1.35e-01  2.72e-04   16.1
27    27   0.4680 -2.160          0.501 1.13e-01  1.77e-04   14.3
28    28   0.4710 -2.150          0.504 9.43e-02  1.16e-04   12.7
29    29   0.4740 -2.140          0.506 7.94e-02  7.60e-05   11.3
30    30   0.4770 -2.120          0.510 6.71e-02  5.01e-05   10.1
 Calculating module eigengenes block-wise from all genes
   Flagging genes and samples with too many missing values...
    ..step 1
   Power SFT.R.sq slope truncated.R.sq  mean.k. median.k.  max.k.
1      1    0.309 -1.47          0.900 3.47e+03  3.29e+03 6380.00
2      2    0.711 -1.85          0.940 8.97e+02  7.53e+02 2760.00
3      3    0.815 -1.89          0.958 3.04e+02  2.15e+02 1430.00
4      4    0.852 -1.87          0.966 1.24e+02  7.18e+01  827.00
5      5    0.837 -1.91          0.956 5.77e+01  2.66e+01  521.00
6      6    0.848 -1.90          0.969 2.96e+01  1.07e+01  352.00
7      7    0.841 -1.92          0.972 1.64e+01  4.63e+00  248.00
8      8    0.840 -1.91          0.977 9.67e+00  2.07e+00  180.00
9      9    0.802 -1.98          0.967 5.98e+00  9.74e-01  135.00
10    10    0.815 -1.97          0.975 3.85e+00  4.75e-01  103.00
11    11    0.828 -1.94          0.984 2.56e+00  2.40e-01   79.50
12    12    0.854 -1.89          0.991 1.75e+00  1.25e-01   62.50
13    13    0.864 -1.86          0.993 1.23e+00  6.56e-02   49.80
14    14    0.843 -1.89          0.964 8.84e-01  3.55e-02   40.10
15    15    0.856 -1.87          0.984 6.46e-01  1.96e-02   32.60
16    16    0.863 -1.84          0.984 4.81e-01  1.09e-02   26.70
17    17    0.869 -1.81          0.985 3.63e-01  6.14e-03   22.10
18    18    0.862 -1.81          0.979 2.78e-01  3.52e-03   18.40
19    19    0.868 -1.77          0.979 2.16e-01  2.05e-03   15.30
20    20    0.871 -1.75          0.978 1.69e-01  1.19e-03   12.90
21    21    0.877 -1.71          0.975 1.34e-01  7.06e-04   10.90
22    22    0.878 -1.69          0.972 1.07e-01  4.21e-04    9.22
23    23    0.882 -1.66          0.970 8.65e-02  2.51e-04    7.85
24    24    0.910 -1.61          0.987 7.04e-02  1.53e-04    6.74
25    25    0.913 -1.59          0.985 5.77e-02  9.33e-05    5.82
26    26    0.924 -1.56          0.988 4.76e-02  5.69e-05    5.05
27    27    0.944 -1.51          0.994 3.96e-02  3.49e-05    4.39
28    28    0.954 -1.49          0.998 3.31e-02  2.15e-05    3.83
29    29    0.958 -1.47          0.991 2.79e-02  1.33e-05    3.35
30    30    0.962 -1.44          0.988 2.36e-02  8.28e-06    2.93
 ....pre-clustering genes to determine blocks..
   Projective K-means:
 Calculating module eigengenes block-wise from all genes
   Flagging genes and samples with too many missing values...
    ..step 1
   ..k-means clustering..
 ....pre-clustering genes to determine blocks..
   Projective K-means:
   ..k-means clustering..
   ..merging smaller clusters...
   ..merging smaller clusters...
   ..merging smaller clusters...
Block sizes:
gBlocks
   1    2    3    4    5 
4998 4993 4968 4333 2885 
 ..Working on block 1 .
    TOM calculation: adjacency..
    ..will use 79 parallel threads.
     Fraction of slow calculations: 0.000000
Block sizes:
gBlocks
   1    2    3    4    5 
5000 4993 4990 4187 2818 
 ..Working on block 1 .
    TOM calculation: adjacency..
    ..will use 79 parallel threads.
    ..connectivity..
     Fraction of slow calculations: 0.000000
    ..matrix multiplication (system BLAS)..
    ..normalization..
    ..done.
    ..connectivity..
    ..matrix multiplication (system BLAS)..
    ..normalization..
 ....clustering..
    ..done.
 ....detecting modules..
 ....clustering..
 ....detecting modules..
 ....calculating module eigengenes..
 ....checking kME in modules..
     ..removing 86 genes from module 1 because their KME is too low.
     ..removing 149 genes from module 2 because their KME is too low.
     ..removing 25 genes from module 3 because their KME is too low.
     ..removing 35 genes from module 4 because their KME is too low.
 ..Working on block 2 .
    TOM calculation: adjacency..
    ..will use 79 parallel threads.
     Fraction of slow calculations: 0.000000
 ....calculating module eigengenes..
 ....checking kME in modules..
     ..removing 90 genes from module 1 because their KME is too low.
     ..removing 97 genes from module 2 because their KME is too low.
     ..removing 12 genes from module 3 because their KME is too low.
     ..removing 19 genes from module 4 because their KME is too low.
     ..removing 8 genes from module 6 because their KME is too low.
     ..removing 2 genes from module 7 because their KME is too low.
     ..removing 4 genes from module 8 because their KME is too low.
     ..removing 1 genes from module 9 because their KME is too low.
Block sizes:
gBlocks
   1    2    3    4    5 
5000 4977 4867 4828 2527 
 ..Working on block 1 .
    TOM calculation: adjacency..
    ..will use 79 parallel threads.
     Fraction of slow calculations: 0.000000
    ..connectivity..
    ..matrix multiplication (system BLAS)..
    ..normalization..
    ..done.
 ..Working on block 2 .
    TOM calculation: adjacency..
    ..will use 79 parallel threads.
     Fraction of slow calculations: 0.000000
    ..connectivity..
    ..matrix multiplication (system BLAS)..
    ..normalization..
 ....clustering..
    ..done.
    ..connectivity..
    ..matrix multiplication (system BLAS)..
    ..normalization..
    ..done.
 ....detecting modules..
 ....clustering..
 ....clustering..
 ....detecting modules..
 ....detecting modules..
 ....calculating module eigengenes..
 ....checking kME in modules..
     ..removing 457 genes from module 1 because their KME is too low.
     ..removing 370 genes from module 2 because their KME is too low.
     ..removing 6 genes from module 3 because their KME is too low.
     ..removing 54 genes from module 4 because their KME is too low.
     ..removing 17 genes from module 5 because their KME is too low.
 ..Working on block 3 .
    TOM calculation: adjacency..
    ..will use 79 parallel threads.
     Fraction of slow calculations: 0.000000
 ....calculating module eigengenes..
 ....checking kME in modules..
     ..removing 245 genes from module 1 because their KME is too low.
     ..removing 444 genes from module 2 because their KME is too low.
     ..removing 44 genes from module 3 because their KME is too low.
     ..removing 126 genes from module 4 because their KME is too low.
     ..removing 14 genes from module 5 because their KME is too low.
     ..removing 25 genes from module 6 because their KME is too low.
     ..removing 4 genes from module 7 because their KME is too low.
     ..removing 1 genes from module 8 because their KME is too low.
 ....calculating module eigengenes..
 ....checking kME in modules..
     ..removing 47 genes from module 1 because their KME is too low.
     ..removing 68 genes from module 2 because their KME is too low.
     ..removing 11 genes from module 3 because their KME is too low.
     ..removing 15 genes from module 4 because their KME is too low.
    ..connectivity..
    ..matrix multiplication (system BLAS)..
    ..normalization..
    ..done.
 ..Working on block 3 .
    TOM calculation: adjacency..
    ..will use 79 parallel threads.
     Fraction of slow calculations: 0.000000
 ..Working on block 2 .
    TOM calculation: adjacency..
    ..will use 79 parallel threads.
     Fraction of slow calculations: 0.000000
 ....clustering..
    ..connectivity..
    ..matrix multiplication (system BLAS)..
    ..normalization..
    ..done.
 ....detecting modules..
    ..connectivity..
    ..matrix multiplication (system BLAS)..
    ..normalization..
    ..done.
 ....clustering..
 ....detecting modules..
 ....clustering..
 ....detecting modules..
 ....calculating module eigengenes..
 ....checking kME in modules..
     ..removing 439 genes from module 1 because their KME is too low.
     ..removing 146 genes from module 2 because their KME is too low.
     ..removing 133 genes from module 3 because their KME is too low.
     ..removing 49 genes from module 4 because their KME is too low.
     ..removing 92 genes from module 5 because their KME is too low.
     ..removing 102 genes from module 6 because their KME is too low.
     ..removing 14 genes from module 7 because their KME is too low.
     ..removing 73 genes from module 8 because their KME is too low.
     ..removing 54 genes from module 9 because their KME is too low.
     ..removing 27 genes from module 10 because their KME is too low.
     ..removing 16 genes from module 11 because their KME is too low.
 ....calculating module eigengenes..
 ..Working on block 4 .
    TOM calculation: adjacency..
    ..will use 79 parallel threads.
     Fraction of slow calculations: 0.000000
 ....checking kME in modules..
     ..removing 306 genes from module 1 because their KME is too low.
     ..removing 222 genes from module 2 because their KME is too low.
     ..removing 178 genes from module 3 because their KME is too low.
     ..removing 85 genes from module 4 because their KME is too low.
     ..removing 92 genes from module 5 because their KME is too low.
     ..removing 45 genes from module 6 because their KME is too low.
     ..removing 5 genes from module 9 because their KME is too low.
     ..removing 3 genes from module 10 because their KME is too low.
 ....calculating module eigengenes..
    ..connectivity..
    ..matrix multiplication (system BLAS)..
 ..Working on block 4 .
    TOM calculation: adjacency..
    ..will use 79 parallel threads.
     Fraction of slow calculations: 0.000000
    ..normalization..
 ....checking kME in modules..
     ..removing 310 genes from module 1 because their KME is too low.
     ..removing 99 genes from module 2 because their KME is too low.
     ..removing 81 genes from module 3 because their KME is too low.
     ..removing 2 genes from module 4 because their KME is too low.
     ..removing 83 genes from module 5 because their KME is too low.
     ..removing 15 genes from module 6 because their KME is too low.
     ..removing 37 genes from module 7 because their KME is too low.
     ..removing 14 genes from module 8 because their KME is too low.
     ..removing 22 genes from module 9 because their KME is too low.
     ..removing 8 genes from module 10 because their KME is too low.
     ..removing 3 genes from module 12 because their KME is too low.
     ..removing 1 genes from module 13 because their KME is too low.
    ..done.
    ..connectivity..
    ..matrix multiplication (system BLAS)..
    ..normalization..
    ..done.
 ....clustering..
 ..Working on block 3 .
    TOM calculation: adjacency..
    ..will use 79 parallel threads.
     Fraction of slow calculations: 0.000000
 ....detecting modules..
 ....clustering..
    ..connectivity..
    ..matrix multiplication (system BLAS)..
 ....detecting modules..
    ..normalization..
    ..done.
 ....clustering..
 ....calculating module eigengenes..
 ....checking kME in modules..
     ..removing 472 genes from module 1 because their KME is too low.
     ..removing 313 genes from module 2 because their KME is too low.
     ..removing 134 genes from module 3 because their KME is too low.
     ..removing 31 genes from module 4 because their KME is too low.
     ..removing 24 genes from module 5 because their KME is too low.
     ..removing 32 genes from module 6 because their KME is too low.
     ..removing 19 genes from module 7 because their KME is too low.
     ..removing 7 genes from module 8 because their KME is too low.
     ..removing 3 genes from module 13 because their KME is too low.
     ..removing 3 genes from module 14 because their KME is too low.
     ..removing 4 genes from module 15 because their KME is too low.
 ....calculating module eigengenes..
 ....detecting modules..
 ....checking kME in modules..
     ..removing 320 genes from module 1 because their KME is too low.
     ..removing 183 genes from module 2 because their KME is too low.
     ..removing 97 genes from module 3 because their KME is too low.
     ..removing 4 genes from module 4 because their KME is too low.
     ..removing 3 genes from module 5 because their KME is too low.
     ..removing 3 genes from module 6 because their KME is too low.
     ..removing 18 genes from module 7 because their KME is too low.
     ..removing 3 genes from module 8 because their KME is too low.
     ..removing 3 genes from module 10 because their KME is too low.
 ..Working on block 5 .
    TOM calculation: adjacency..
    ..will use 79 parallel threads.
     Fraction of slow calculations: 0.000000
    ..connectivity..
    ..matrix multiplication (system BLAS)..
    ..normalization..
 ..Working on block 5 .
    TOM calculation: adjacency..
    ..will use 79 parallel threads.
    ..done.
     Fraction of slow calculations: 0.000000
    ..connectivity..
    ..matrix multiplication (system BLAS)..
    ..normalization..
    ..done.
 ....clustering..
 ....detecting modules..
 ....clustering..
 ....detecting modules..
 ....calculating module eigengenes..
 ....checking kME in modules..
     ..removing 298 genes from module 1 because their KME is too low.
     ..removing 272 genes from module 2 because their KME is too low.
     ..removing 148 genes from module 3 because their KME is too low.
     ..removing 149 genes from module 4 because their KME is too low.
     ..removing 32 genes from module 5 because their KME is too low.
     ..removing 4 genes from module 6 because their KME is too low.
     ..removing 3 genes from module 7 because their KME is too low.
     ..removing 1 genes from module 8 because their KME is too low.
     ..removing 1 genes from module 9 because their KME is too low.
     ..removing 2 genes from module 10 because their KME is too low.
     ..removing 24 genes from module 11 because their KME is too low.
 ....calculating module eigengenes..
 ..Working on block 4 .
    TOM calculation: adjacency..
    ..will use 79 parallel threads.
 ....checking kME in modules..
     Fraction of slow calculations: 0.000000
     ..removing 198 genes from module 1 because their KME is too low.
     ..removing 231 genes from module 2 because their KME is too low.
     ..removing 176 genes from module 3 because their KME is too low.
     ..removing 111 genes from module 4 because their KME is too low.
     ..removing 22 genes from module 5 because their KME is too low.
     ..removing 31 genes from module 6 because their KME is too low.
     ..removing 7 genes from module 7 because their KME is too low.
     ..removing 7 genes from module 8 because their KME is too low.
     ..removing 8 genes from module 9 because their KME is too low.
     ..removing 2 genes from module 10 because their KME is too low.
 ....calculating module eigengenes..
 ....checking kME in modules..
     ..removing 351 genes from module 1 because their KME is too low.
     ..removing 73 genes from module 2 because their KME is too low.
     ..removing 32 genes from module 3 because their KME is too low.
     ..removing 16 genes from module 4 because their KME is too low.
     ..removing 22 genes from module 5 because their KME is too low.
     ..removing 10 genes from module 6 because their KME is too low.
     ..removing 19 genes from module 7 because their KME is too low.
     ..removing 1 genes from module 8 because their KME is too low.
     ..removing 2 genes from module 9 because their KME is too low.
     ..removing 1 genes from module 10 because their KME is too low.
     ..removing 1 genes from module 11 because their KME is too low.
 ..merging modules that are too close..
     mergeCloseModules: Merging modules whose distance is less than 0.1
    ..connectivity..
    ..matrix multiplication (system BLAS)..
    ..normalization..
    ..done.
 ..merging modules that are too close..
     mergeCloseModules: Merging modules whose distance is less than 0.1
 ....clustering..
 ....detecting modules..
       Calculating new MEs...
       Calculating new MEs...
 ....calculating module eigengenes..
 ....checking kME in modules..
     ..removing 200 genes from module 1 because their KME is too low.
     ..removing 177 genes from module 2 because their KME is too low.
     ..removing 116 genes from module 3 because their KME is too low.
     ..removing 126 genes from module 4 because their KME is too low.
     ..removing 36 genes from module 5 because their KME is too low.
     ..removing 19 genes from module 6 because their KME is too low.
     ..removing 26 genes from module 7 because their KME is too low.
     ..removing 24 genes from module 9 because their KME is too low.
     ..removing 2 genes from module 10 because their KME is too low.
     ..removing 17 genes from module 11 because their KME is too low.
     ..removing 2 genes from module 12 because their KME is too low.
     ..removing 1 genes from module 15 because their KME is too low.
     ..removing 5 genes from module 16 because their KME is too low.
 ..Working on block 5 .
    TOM calculation: adjacency..
    ..will use 79 parallel threads.
     Fraction of slow calculations: 0.000000
    ..connectivity..
    ..matrix multiplication (system BLAS)..
    ..normalization..
    ..done.
 ....clustering..
 ....detecting modules..
 ....calculating module eigengenes..
 ....checking kME in modules..
     ..removing 116 genes from module 1 because their KME is too low.
     ..removing 95 genes from module 2 because their KME is too low.
     ..removing 61 genes from module 3 because their KME is too low.
     ..removing 11 genes from module 4 because their KME is too low.
     ..removing 13 genes from module 5 because their KME is too low.
     ..removing 27 genes from module 6 because their KME is too low.
     ..removing 2 genes from module 7 because their KME is too low.
 ..merging modules that are too close..
     mergeCloseModules: Merging modules whose distance is less than 0.1
null device 
          1 
null device 
          1 
       Calculating new MEs...
null device 
          1 
Loading required package: dynamicTreeCut
Loading required package: fastcluster

Attaching package: ‘fastcluster’

The following object is masked from ‘package:stats’:

    hclust

Loading required package: dynamicTreeCut
Loading required package: fastcluster

Attaching package: ‘fastcluster’

The following object is masked from ‘package:stats’:

    hclust



Loading required package: dynamicTreeCut
Loading required package: fastcluster

Attaching package: ‘fastcluster’

The following object is masked from ‘package:stats’:

    hclust



Attaching package: ‘WGCNA’

The following object is masked from ‘package:stats’:

    cor


Attaching package: ‘WGCNA’

The following object is masked from ‘package:stats’:

    cor


Attaching package: ‘dplyr’

The following objects are masked from ‘package:stats’:

    filter, lag


Attaching package: ‘dplyr’

The following objects are masked from ‘package:base’:

    intersect, setdiff, setequal, union

The following objects are masked from ‘package:stats’:

    filter, lag

The following objects are masked from ‘package:base’:

    intersect, setdiff, setequal, union


Attaching package: ‘WGCNA’

The following object is masked from ‘package:stats’:

    cor


Attaching package: ‘dplyr’

The following objects are masked from ‘package:stats’:

    filter, lag

The following objects are masked from ‘package:base’:

    intersect, setdiff, setequal, union

Allowing parallel execution with up to 79 working processes.
Allowing parallel execution with up to 79 working processes.
Allowing parallel execution with up to 79 working processes.
pickSoftThreshold: will use block size 2015.
 pickSoftThreshold: calculating connectivity for given powers...
   ..working on genes 1 through 2015 of 22199
pickSoftThreshold: will use block size 2017.
 pickSoftThreshold: calculating connectivity for given powers...
   ..working on genes 1 through 2017 of 22177
pickSoftThreshold: will use block size 2034.
 pickSoftThreshold: calculating connectivity for given powers...
   ..working on genes 1 through 2034 of 21988
   ..working on genes 2018 through 4034 of 22177
   ..working on genes 2016 through 4030 of 22199
   ..working on genes 2035 through 4068 of 21988
   ..working on genes 4035 through 6051 of 22177
   ..working on genes 4031 through 6045 of 22199
   ..working on genes 4069 through 6102 of 21988
   ..working on genes 6052 through 8068 of 22177
   ..working on genes 6046 through 8060 of 22199
   ..working on genes 6103 through 8136 of 21988
   ..working on genes 8061 through 10075 of 22199
   ..working on genes 8069 through 10085 of 22177
   ..working on genes 8137 through 10170 of 21988
   ..working on genes 10076 through 12090 of 22199
   ..working on genes 10086 through 12102 of 22177
   ..working on genes 12091 through 14105 of 22199
   ..working on genes 10171 through 12204 of 21988
   ..working on genes 12103 through 14119 of 22177
   ..working on genes 14106 through 16120 of 22199
   ..working on genes 12205 through 14238 of 21988
   ..working on genes 14120 through 16136 of 22177
   ..working on genes 16121 through 18135 of 22199
   ..working on genes 14239 through 16272 of 21988
   ..working on genes 16137 through 18153 of 22177
   ..working on genes 16273 through 18306 of 21988
   ..working on genes 18136 through 20150 of 22199
   ..working on genes 18154 through 20170 of 22177
   ..working on genes 20151 through 22165 of 22199
   ..working on genes 18307 through 20340 of 21988
   ..working on genes 20171 through 22177 of 22177
   ..working on genes 22166 through 22199 of 22199
   ..working on genes 20341 through 21988 of 21988
   Power SFT.R.sq  slope truncated.R.sq  mean.k. median.k. max.k.
1      1   0.4350  1.610          0.958 5340.000  5.40e+03 8400.0
2      2   0.0477 -0.244          0.894 1970.000  1.89e+03 4400.0
3      3   0.5030 -0.906          0.927  903.000  7.90e+02 2700.0
4      4   0.6800 -1.260          0.933  472.000  3.66e+02 1810.0
5      5   0.7500 -1.450          0.939  271.000  1.83e+02 1300.0
6      6   0.7940 -1.560          0.950  167.000  9.75e+01  970.0
7      7   0.8170 -1.610          0.958  109.000  5.50e+01  751.0
8      8   0.8360 -1.640          0.965   73.800  3.23e+01  597.0
9      9   0.8450 -1.660          0.968   51.900  1.95e+01  485.0
10    10   0.8500 -1.670          0.970   37.700  1.22e+01  401.0
11    11   0.8520 -1.680          0.970   28.000  7.72e+00  336.0
12    12   0.8560 -1.670          0.972   21.300  4.98e+00  285.0
13    13   0.8550 -1.680          0.971   16.500  3.26e+00  245.0
14    14   0.8600 -1.680          0.973   13.000  2.17e+00  211.0
15    15   0.8570 -1.680          0.971   10.300  1.47e+00  184.0
16    16   0.8630 -1.660          0.974    8.360  1.00e+00  162.0
17    17   0.8660 -1.650          0.976    6.840  6.93e-01  142.0
18    18   0.8720 -1.640          0.979    5.650  4.87e-01  126.0
19    19   0.8760 -1.620          0.980    4.710  3.43e-01  113.0
20    20   0.8800 -1.600          0.982    3.950  2.46e-01  101.0
21    21   0.8810 -1.590          0.983    3.350  1.76e-01   90.3
22    22   0.8820 -1.580          0.984    2.850  1.27e-01   81.3
23    23   0.8890 -1.570          0.986    2.450  9.26e-02   73.4
24    24   0.8900 -1.560          0.985    2.110  6.81e-02   66.5
25    25   0.8910 -1.550          0.986    1.830  5.02e-02   60.4
26    26   0.8930 -1.540          0.986    1.590  3.71e-02   55.0
27    27   0.8960 -1.520          0.986    1.390  2.76e-02   50.2
28    28   0.8970 -1.520          0.986    1.230  2.07e-02   45.9
29    29   0.9000 -1.500          0.987    1.080  1.55e-02   42.0
30    30   0.9030 -1.490          0.988    0.958  1.17e-02   38.5
   Power SFT.R.sq  slope truncated.R.sq mean.k. median.k. max.k.
1      1    0.206  0.682          0.928 5670.00  5.68e+03 9430.0
2      2    0.321 -0.558          0.881 2220.00  2.06e+03 5370.0
3      3    0.664 -0.981          0.908 1070.00  8.78e+02 3480.0
4      4    0.760 -1.180          0.916  585.00  4.11e+02 2420.0
5      5    0.812 -1.270          0.932  350.00  2.07e+02 1770.0
6      6    0.849 -1.330          0.945  224.00  1.10e+02 1350.0
7      7    0.869 -1.340          0.956  150.00  6.02e+01 1050.0
8      8    0.873 -1.370          0.956  105.00  3.43e+01  851.0
9      9    0.864 -1.400          0.948   76.00  2.00e+01  704.0
10    10    0.869 -1.420          0.954   56.40  1.21e+01  592.0
11    11    0.863 -1.430          0.952   42.90  7.51e+00  504.0
12    12    0.860 -1.450          0.950   33.20  4.68e+00  434.0
13    13    0.837 -1.470          0.935   26.20  2.99e+00  378.0
14    14    0.834 -1.480          0.936   21.00  1.93e+00  332.0
15    15    0.844 -1.480          0.944   17.00  1.27e+00  293.0
16    16    0.837 -1.490          0.942   13.90  8.51e-01  261.0
17    17    0.823 -1.500          0.937   11.50  5.72e-01  234.0
18    18    0.831 -1.500          0.944    9.66  3.93e-01  210.0
19    19    0.825 -1.500          0.943    8.14  2.70e-01  190.0
20    20    0.833 -1.500          0.950    6.92  1.88e-01  172.0
21    21    0.839 -1.500          0.955    5.92  1.33e-01  157.0
22    22    0.845 -1.500          0.959    5.09  9.30e-02  143.0
23    23    0.849 -1.500          0.965    4.41  6.65e-02  131.0
24    24    0.854 -1.500          0.967    3.84  4.78e-02  121.0
25    25    0.842 -1.510          0.965    3.36  3.44e-02  111.0
26    26    0.845 -1.510          0.967    2.95  2.48e-02  103.0
27    27    0.849 -1.510          0.969    2.60  1.81e-02   95.0
28    28    0.850 -1.510          0.971    2.30  1.32e-02   88.1
29    29    0.853 -1.510          0.972    2.04  9.72e-03   81.8
30    30    0.857 -1.510          0.976    1.82  7.17e-03   76.2
 Calculating module eigengenes block-wise from all genes
   Flagging genes and samples with too many missing values...
    ..step 1
 Calculating module eigengenes block-wise from all genes
   Flagging genes and samples with too many missing values...
    ..step 1
 ....pre-clustering genes to determine blocks..
   Projective K-means:
 ....pre-clustering genes to determine blocks..
   Projective K-means:
   ..k-means clustering..
   ..k-means clustering..
   Power SFT.R.sq  slope truncated.R.sq mean.k. median.k. max.k.
1      1    0.198  0.743          0.959 5320.00  5.36e+03 8880.0
2      2    0.306 -0.554          0.959 1990.00  1.89e+03 4830.0
3      3    0.688 -0.984          0.975  925.00  7.85e+02 3020.0
4      4    0.800 -1.220          0.978  493.00  3.63e+02 2080.0
5      5    0.849 -1.340          0.984  288.00  1.80e+02 1520.0
6      6    0.874 -1.420          0.986  181.00  9.50e+01 1160.0
7      7    0.889 -1.460          0.988  120.00  5.21e+01  913.0
8      8    0.900 -1.480          0.989   82.90  2.97e+01  738.0
9      9    0.906 -1.500          0.989   59.50  1.75e+01  614.0
10    10    0.898 -1.530          0.981   44.00  1.05e+01  519.0
11    11    0.896 -1.540          0.978   33.30  6.48e+00  445.0
12    12    0.895 -1.540          0.976   25.80  4.08e+00  386.0
13    13    0.899 -1.530          0.978   20.40  2.59e+00  338.0
14    14    0.897 -1.530          0.976   16.30  1.67e+00  299.0
15    15    0.891 -1.530          0.971   13.30  1.09e+00  266.0
16    16    0.887 -1.530          0.969   10.90  7.26e-01  238.0
17    17    0.888 -1.520          0.969    9.09  4.88e-01  214.0
18    18    0.884 -1.510          0.965    7.64  3.32e-01  194.0
19    19    0.883 -1.510          0.964    6.47  2.31e-01  176.0
20    20    0.876 -1.510          0.959    5.53  1.61e-01  160.0
21    21    0.869 -1.500          0.956    4.76  1.12e-01  146.0
22    22    0.870 -1.490          0.955    4.12  7.92e-02  134.0
23    23    0.876 -1.470          0.957    3.59  5.59e-02  123.0
24    24    0.871 -1.470          0.954    3.15  3.98e-02  114.0
25    25    0.879 -1.450          0.958    2.77  2.84e-02  105.0
26    26    0.883 -1.430          0.959    2.45  2.04e-02   97.1
27    27    0.883 -1.420          0.960    2.17  1.47e-02   90.1
28    28    0.889 -1.410          0.962    1.94  1.06e-02   83.7
29    29    0.902 -1.390          0.970    1.73  7.80e-03   77.9
30    30    0.905 -1.380          0.971    1.56  5.66e-03   72.6
 Calculating module eigengenes block-wise from all genes
   Flagging genes and samples with too many missing values...
    ..step 1
 ....pre-clustering genes to determine blocks..
   Projective K-means:
   ..k-means clustering..
   ..merging smaller clusters...
   ..merging smaller clusters...
   ..merging smaller clusters...
Block sizes:
gBlocks
   1    2    3    4    5 
4999 4869 4619 4447 3265 
 ..Working on block 1 .
    TOM calculation: adjacency..
    ..will use 79 parallel threads.
     Fraction of slow calculations: 0.000000
Block sizes:
gBlocks
   1    2    3    4    5 
4998 4998 4976 4785 2420 
 ..Working on block 1 .
    TOM calculation: adjacency..
    ..will use 79 parallel threads.
     Fraction of slow calculations: 0.000000
    ..connectivity..
    ..matrix multiplication (system BLAS)..
    ..connectivity..
    ..matrix multiplication (system BLAS)..
    ..normalization..
    ..normalization..
    ..done.
    ..done.
 ....clustering..
 ....clustering..
 ....detecting modules..
 ....detecting modules..
Block sizes:
gBlocks
   1    2    3    4    5 
5000 4997 4779 4303 2909 
 ..Working on block 1 .
    TOM calculation: adjacency..
    ..will use 79 parallel threads.
     Fraction of slow calculations: 0.000000
 ....calculating module eigengenes..
 ....checking kME in modules..
     ..removing 315 genes from module 1 because their KME is too low.
     ..removing 242 genes from module 2 because their KME is too low.
     ..removing 4 genes from module 3 because their KME is too low.
     ..removing 6 genes from module 4 because their KME is too low.
 ....calculating module eigengenes..
 ....checking kME in modules..
     ..removing 121 genes from module 1 because their KME is too low.
     ..removing 58 genes from module 2 because their KME is too low.
     ..removing 10 genes from module 3 because their KME is too low.
     ..removing 1 genes from module 5 because their KME is too low.
     ..removing 2 genes from module 6 because their KME is too low.
    ..connectivity..
    ..matrix multiplication (system BLAS)..
    ..normalization..
 ..Working on block 2 .
    TOM calculation: adjacency..
    ..will use 79 parallel threads.
    ..done.
     Fraction of slow calculations: 0.000000
 ..Working on block 2 .
    TOM calculation: adjacency..
    ..will use 79 parallel threads.
     Fraction of slow calculations: 0.000000
    ..connectivity..
    ..matrix multiplication (system BLAS)..
    ..normalization..
    ..done.
 ....clustering..
 ....detecting modules..
    ..connectivity..
    ..matrix multiplication (system BLAS)..
    ..normalization..
 ....clustering..
    ..done.
 ....detecting modules..
 ....clustering..
 ....detecting modules..
 ....calculating module eigengenes..
 ....checking kME in modules..
     ..removing 267 genes from module 1 because their KME is too low.
     ..removing 254 genes from module 2 because their KME is too low.
     ..removing 50 genes from module 3 because their KME is too low.
     ..removing 72 genes from module 4 because their KME is too low.
     ..removing 1 genes from module 5 because their KME is too low.
     ..removing 34 genes from module 6 because their KME is too low.
     ..removing 8 genes from module 7 because their KME is too low.
 ....calculating module eigengenes..
 ....checking kME in modules..
     ..removing 89 genes from module 1 because their KME is too low.
     ..removing 105 genes from module 2 because their KME is too low.
     ..removing 116 genes from module 3 because their KME is too low.
     ..removing 17 genes from module 4 because their KME is too low.
     ..removing 36 genes from module 5 because their KME is too low.
 ..Working on block 2 .
    TOM calculation: adjacency..
    ..will use 79 parallel threads.
     Fraction of slow calculations: 0.000000
 ..Working on block 3 .
    TOM calculation: adjacency..
    ..will use 79 parallel threads.
     Fraction of slow calculations: 0.000000
 ....calculating module eigengenes..
 ....checking kME in modules..
     ..removing 33 genes from module 1 because their KME is too low.
     ..removing 75 genes from module 2 because their KME is too low.
     ..removing 2 genes from module 4 because their KME is too low.
     ..removing 3 genes from module 5 because their KME is too low.
    ..connectivity..
    ..matrix multiplication (system BLAS)..
    ..connectivity..
    ..matrix multiplication (system BLAS)..
    ..normalization..
    ..normalization..
    ..done.
    ..done.
 ..Working on block 3 .
    TOM calculation: adjacency..
    ..will use 79 parallel threads.
     Fraction of slow calculations: 0.000000
 ....clustering..
 ....clustering..
 ....detecting modules..
 ....detecting modules..
    ..connectivity..
    ..matrix multiplication (system BLAS)..
    ..normalization..
    ..done.
 ....clustering..
 ....calculating module eigengenes..
 ....checking kME in modules..
     ..removing 87 genes from module 1 because their KME is too low.
     ..removing 37 genes from module 2 because their KME is too low.
     ..removing 21 genes from module 3 because their KME is too low.
     ..removing 11 genes from module 4 because their KME is too low.
     ..removing 2 genes from module 5 because their KME is too low.
 ....calculating module eigengenes..
 ....checking kME in modules..
     ..removing 22 genes from module 1 because their KME is too low.
     ..removing 34 genes from module 2 because their KME is too low.
     ..removing 40 genes from module 3 because their KME is too low.
     ..removing 10 genes from module 4 because their KME is too low.
     ..removing 22 genes from module 5 because their KME is too low.
 ....detecting modules..
 ..Working on block 4 .
    TOM calculation: adjacency..
    ..will use 79 parallel threads.
     Fraction of slow calculations: 0.000000
 ..Working on block 3 .
    TOM calculation: adjacency..
    ..will use 79 parallel threads.
     Fraction of slow calculations: 0.000000
    ..connectivity..
    ..matrix multiplication (system BLAS)..
    ..normalization..
    ..done.
    ..connectivity..
    ..matrix multiplication (system BLAS)..
    ..normalization..
    ..done.
 ....clustering..
 ....calculating module eigengenes..
 ....checking kME in modules..
     ..removing 14 genes from module 1 because their KME is too low.
     ..removing 19 genes from module 2 because their KME is too low.
     ..removing 35 genes from module 3 because their KME is too low.
     ..removing 6 genes from module 4 because their KME is too low.
     ..removing 20 genes from module 5 because their KME is too low.
     ..removing 8 genes from module 6 because their KME is too low.
     ..removing 10 genes from module 7 because their KME is too low.
     ..removing 4 genes from module 8 because their KME is too low.
     ..removing 8 genes from module 11 because their KME is too low.
     ..removing 1 genes from module 13 because their KME is too low.
 ....detecting modules..
 ....clustering..
 ..Working on block 4 .
    TOM calculation: adjacency..
    ..will use 79 parallel threads.
     Fraction of slow calculations: 0.000000
 ....detecting modules..
 ....calculating module eigengenes..
    ..connectivity..
    ..matrix multiplication (system BLAS)..
    ..normalization..
    ..done.
 ....checking kME in modules..
     ..removing 62 genes from module 1 because their KME is too low.
     ..removing 8 genes from module 2 because their KME is too low.
     ..removing 67 genes from module 3 because their KME is too low.
     ..removing 33 genes from module 4 because their KME is too low.
     ..removing 1 genes from module 5 because their KME is too low.
     ..removing 28 genes from module 6 because their KME is too low.
     ..removing 44 genes from module 7 because their KME is too low.
 ....clustering..
 ..Working on block 5 .
    TOM calculation: adjacency..
    ..will use 79 parallel threads.
     Fraction of slow calculations: 0.000000
 ....detecting modules..
 ....calculating module eigengenes..
 ....checking kME in modules..
     ..removing 64 genes from module 1 because their KME is too low.
     ..removing 12 genes from module 2 because their KME is too low.
     ..removing 27 genes from module 3 because their KME is too low.
     ..removing 15 genes from module 4 because their KME is too low.
     ..removing 45 genes from module 5 because their KME is too low.
     ..removing 2 genes from module 6 because their KME is too low.
     ..removing 1 genes from module 7 because their KME is too low.
    ..connectivity..
    ..matrix multiplication (system BLAS)..
    ..normalization..
    ..done.
 ....clustering..
 ....detecting modules..
 ..Working on block 4 .
    TOM calculation: adjacency..
    ..will use 79 parallel threads.
     Fraction of slow calculations: 0.000000
 ....calculating module eigengenes..
    ..connectivity..
    ..matrix multiplication (system BLAS)..
    ..normalization..
    ..done.
 ....checking kME in modules..
     ..removing 236 genes from module 1 because their KME is too low.
     ..removing 144 genes from module 2 because their KME is too low.
     ..removing 95 genes from module 3 because their KME is too low.
     ..removing 34 genes from module 4 because their KME is too low.
     ..removing 16 genes from module 5 because their KME is too low.
     ..removing 12 genes from module 6 because their KME is too low.
     ..removing 13 genes from module 7 because their KME is too low.
     ..removing 18 genes from module 8 because their KME is too low.
     ..removing 8 genes from module 9 because their KME is too low.
     ..removing 1 genes from module 10 because their KME is too low.
     ..removing 17 genes from module 11 because their KME is too low.
     ..removing 1 genes from module 12 because their KME is too low.
 ....calculating module eigengenes..
 ....checking kME in modules..
     ..removing 136 genes from module 1 because their KME is too low.
     ..removing 144 genes from module 2 because their KME is too low.
     ..removing 18 genes from module 3 because their KME is too low.
     ..removing 68 genes from module 4 because their KME is too low.
     ..removing 1 genes from module 5 because their KME is too low.
     ..removing 11 genes from module 6 because their KME is too low.
 ..Working on block 5 .
    TOM calculation: adjacency..
    ..will use 79 parallel threads.
     Fraction of slow calculations: 0.000000
    ..connectivity..
    ..matrix multiplication (system BLAS)..
    ..normalization..
 ....clustering..
    ..done.
 ....detecting modules..
 ..merging modules that are too close..
     mergeCloseModules: Merging modules whose distance is less than 0.1
 ....clustering..
 ....detecting modules..
 ....calculating module eigengenes..
 ....calculating module eigengenes..
 ....checking kME in modules..
     ..removing 117 genes from module 1 because their KME is too low.
     ..removing 46 genes from module 2 because their KME is too low.
     ..removing 43 genes from module 3 because their KME is too low.
     ..removing 16 genes from module 4 because their KME is too low.
     ..removing 27 genes from module 5 because their KME is too low.
     ..removing 18 genes from module 6 because their KME is too low.
     ..removing 40 genes from module 7 because their KME is too low.
     ..removing 8 genes from module 8 because their KME is too low.
     ..removing 2 genes from module 9 because their KME is too low.
     ..removing 2 genes from module 11 because their KME is too low.
     ..removing 1 genes from module 12 because their KME is too low.
 ....checking kME in modules..
     ..removing 185 genes from module 1 because their KME is too low.
     ..removing 147 genes from module 2 because their KME is too low.
     ..removing 154 genes from module 3 because their KME is too low.
     ..removing 49 genes from module 4 because their KME is too low.
     ..removing 1 genes from module 5 because their KME is too low.
     ..removing 21 genes from module 6 because their KME is too low.
     ..removing 2 genes from module 7 because their KME is too low.
     ..removing 2 genes from module 8 because their KME is too low.
     ..removing 4 genes from module 9 because their KME is too low.
     ..removing 3 genes from module 13 because their KME is too low.
 ..merging modules that are too close..
     mergeCloseModules: Merging modules whose distance is less than 0.1
 ..Working on block 5 .
    TOM calculation: adjacency..
    ..will use 79 parallel threads.
     Fraction of slow calculations: 0.000000
    ..connectivity..
    ..matrix multiplication (system BLAS)..
    ..normalization..
    ..done.
       Calculating new MEs...
 ....clustering..
 ....detecting modules..
 ....calculating module eigengenes..
 ....checking kME in modules..
     ..removing 53 genes from module 1 because their KME is too low.
     ..removing 2 genes from module 2 because their KME is too low.
     ..removing 25 genes from module 3 because their KME is too low.
     ..removing 35 genes from module 4 because their KME is too low.
     ..removing 7 genes from module 5 because their KME is too low.
     ..removing 22 genes from module 6 because their KME is too low.
     ..removing 9 genes from module 7 because their KME is too low.
     ..removing 7 genes from module 8 because their KME is too low.
     ..removing 1 genes from module 9 because their KME is too low.
     ..removing 2 genes from module 11 because their KME is too low.
     ..removing 3 genes from module 12 because their KME is too low.
     ..removing 10 genes from module 13 because their KME is too low.
 ..merging modules that are too close..
     mergeCloseModules: Merging modules whose distance is less than 0.1
       Calculating new MEs...
       Calculating new MEs...
null device 
          1 
null device 
          1 
null device 
          1 
Loading required package: dynamicTreeCut
Loading required package: fastcluster

Attaching package: ‘fastcluster’

The following object is masked from ‘package:stats’:

    hclust



Attaching package: ‘WGCNA’

The following object is masked from ‘package:stats’:

    cor


Attaching package: ‘dplyr’

The following objects are masked from ‘package:stats’:

    filter, lag

The following objects are masked from ‘package:base’:

    intersect, setdiff, setequal, union

Allowing parallel execution with up to 79 working processes.
Loading required package: dynamicTreeCut
Loading required package: fastcluster

Attaching package: ‘fastcluster’

The following object is masked from ‘package:stats’:

    hclust



Attaching package: ‘WGCNA’

The following object is masked from ‘package:stats’:

    cor


Attaching package: ‘dplyr’

The following objects are masked from ‘package:stats’:

    filter, lag

The following objects are masked from ‘package:base’:

    intersect, setdiff, setequal, union

Allowing parallel execution with up to 79 working processes.
Loading required package: dynamicTreeCut
Loading required package: fastcluster

Attaching package: ‘fastcluster’

The following object is masked from ‘package:stats’:

    hclust


  ..checking data for excessive amounts of missing data..

Attaching package: ‘WGCNA’

The following object is masked from ‘package:stats’:

    cor


Attaching package: ‘dplyr’

The following objects are masked from ‘package:stats’:

    filter, lag

The following objects are masked from ‘package:base’:

    intersect, setdiff, setequal, union

Allowing parallel execution with up to 79 working processes.
  ..calculating observed preservation values
  ..checking data for excessive amounts of missing data..
  ..calculating observed preservation values
  ..checking data for excessive amounts of missing data..
  ..calculating observed preservation values
  ..calculating permutation Z scores
 ..Working with set 1 as reference set
  ..calculating permutation Z scores
 ..Working with set 1 as reference set
  ..calculating permutation Z scores
 ..Working with set 1 as reference set
Error in !datout[[perm]][[1]]$netPresent[2] : invalid argument type
Calls: preservation -> modulePreservation
In addition: Warning message:
In mclapply(argsList, FUN, mc.preschedule = preschedule, mc.set.seed = set.seed,  :
  scheduled cores 6, 9, 11, 14, 15, 16, 18, 21, 22, 35, 38, 40, 54, 56, 58, 59, 62, 65, 70, 71, 72, 77 did not deliver results, all values of the jobs will be affected
Execution halted
Error in !datout[[perm]][[1]]$netPresent[2] : invalid argument type
Calls: preservation -> modulePreservation
In addition: Warning message:
In mclapply(argsList, FUN, mc.preschedule = preschedule, mc.set.seed = set.seed,  :
  scheduled cores 2, 3, 6, 8, 9, 12, 13, 17, 20, 21, 22, 24, 25, 27, 32, 33, 34, 35, 37, 38, 39, 41, 42, 44, 45, 46, 47, 48, 49, 50, 51, 52, 53, 54, 55, 56, 59, 61, 62, 64, 65, 66, 67, 68, 69, 71, 72, 76, 77 did not deliver results, all values of the jobs will be affected
Execution halted
Error in !datout[[perm]][[1]]$netPresent[2] : invalid argument type
Calls: preservation -> modulePreservation
In addition: Warning message:
In mclapply(argsList, FUN, mc.preschedule = preschedule, mc.set.seed = set.seed,  :
  scheduled cores 21, 22, 40, 46, 52, 58, 60, 75 did not deliver results, all values of the jobs will be affected
Execution halted
Loading required package: dynamicTreeCut
Loading required package: fastcluster

Attaching package: ‘fastcluster’

The following object is masked from ‘package:stats’:

    hclust



Attaching package: ‘WGCNA’

The following object is masked from ‘package:stats’:

    cor


Attaching package: ‘dplyr’

The following objects are masked from ‘package:stats’:

    filter, lag

The following objects are masked from ‘package:base’:

    intersect, setdiff, setequal, union

Allowing parallel execution with up to 79 working processes.
  ..checking data for excessive amounts of missing data..
  ..calculating observed preservation values
  ..calculating permutation Z scores
 ..Working with set 1 as reference set
Loading required package: dynamicTreeCut
Loading required package: fastcluster

Attaching package: ‘fastcluster’

The following object is masked from ‘package:stats’:

    hclust


Loading required package: dynamicTreeCut
Loading required package: fastcluster

Attaching package: ‘fastcluster’

The following object is masked from ‘package:stats’:

    hclust



Attaching package: ‘WGCNA’

The following object is masked from ‘package:stats’:

    cor


Attaching package: ‘dplyr’

The following objects are masked from ‘package:stats’:

    filter, lag

The following objects are masked from ‘package:base’:

    intersect, setdiff, setequal, union

Allowing parallel execution with up to 79 working processes.

Attaching package: ‘WGCNA’

The following object is masked from ‘package:stats’:

    cor


Attaching package: ‘dplyr’

The following objects are masked from ‘package:stats’:

    filter, lag

The following objects are masked from ‘package:base’:

    intersect, setdiff, setequal, union

Allowing parallel execution with up to 79 working processes.
  ..checking data for excessive amounts of missing data..
  ..calculating observed preservation values
  ..calculating permutation Z scores
 ..Working with set 1 as reference set
  ..checking data for excessive amounts of missing data..
  ..calculating observed preservation values
  ..calculating permutation Z scores
 ..Working with set 1 as reference set
                medianRank.pres medianRank.qual Zsummary.pres Zsummary.qual
bisque4                       1             1.5          35.0       48.0000
black                        45            27.5          24.0       78.0000
blue                         12            15.0          58.0      140.0000
brown                        19            24.5          55.0      110.0000
brown4                       31            25.0          12.0       21.0000
cyan                         10            32.0          46.0       53.0000
darkgreen                    21            41.0          23.0       19.0000
darkgrey                     39            37.0          18.0       26.0000
darkmagenta                  24            21.0          18.0       34.0000
darkolivegreen               50            49.5          11.0       12.0000
darkorange                   39            44.0          18.0       19.0000
darkorange2                  20            27.5          14.0       21.0000
darkred                      15             4.0          34.0      100.0000
darkslateblue                27             7.0          11.0       35.0000
darkturquoise                30            17.0          20.0       40.0000
floralwhite                  41            34.0           9.0       16.0000
gold                         49            51.0          34.0        0.0058
green                        23            36.0          46.0       52.0000
greenyellow                  28            18.0          33.0       74.0000
grey                         52            52.0          11.0      -22.0000
grey60                       18            11.0          31.0       74.0000
ivory                         4             5.5          21.0       47.0000
lightcyan                    37            19.5          27.0       68.0000
lightcyan1                   31            40.0          13.0       13.0000
lightgreen                   39            41.0          23.0       35.0000
lightsteelblue1               2             1.5          40.0       62.0000
lightyellow                  17             9.0          32.0       87.0000
magenta                      46            43.0          25.0       40.0000
mediumpurple3                 8             8.5          22.0       45.0000
midnightblue                  5            13.5          56.0      100.0000
orange                       49            38.5          12.0       23.0000
orangered4                   36            31.0          13.0       25.0000
paleturquoise                 9            13.5          29.0       49.0000
pink                         14            17.0          47.0       77.0000
plum1                        15            23.0          19.0       29.0000
plum2                        32            30.5           8.7       14.0000
purple                       43            47.5          30.0       33.0000
red                          37            45.5          34.0       38.0000
royalblue                    24            22.5          27.0       65.0000
saddlebrown                   6             5.5          32.0       73.0000
salmon                       13            29.5          41.0       52.0000
sienna3                      11             3.0          24.0       72.0000
skyblue                      18            11.0          23.0       58.0000
skyblue3                     41            20.5          10.0       26.0000
steelblue                    47            35.0          11.0       26.0000
tan                          30            39.5          31.0       42.0000
thistle2                     26            33.0           9.9       13.0000
turquoise                     6            11.0          76.0      170.0000
violet                       47            47.0          12.0       15.0000
white                        27            23.0          20.0       44.0000
yellow                       36            49.5          35.0       30.0000
yellowgreen                  30            45.5          15.0       12.0000
  ..checking data for excessive amounts of missing data..
  ..calculating observed preservation values
  ..calculating permutation Z scores
 ..Working with set 1 as reference set
                medianRank.pres medianRank.qual Zsummary.pres Zsummary.qual
bisque4                      43            40.0           7.2           7.2
black                        12            13.5          59.0          69.0
blue                          4             7.0          72.0         110.0
brown                        32            16.0          39.0          71.0
brown4                       14            17.5          12.0          12.0
cyan                         16            11.0          37.0          58.0
darkgreen                    37            39.5          18.0          17.0
darkgrey                      6             8.5          33.0          48.0
darkmagenta                  29            22.5          16.0          22.0
darkolivegreen               22            20.0          19.0          20.0
darkorange                   13            15.5          24.0          26.0
darkorange2                  31            24.5           8.8          11.0
darkred                       8            14.0          31.0          37.0
darkturquoise                33            31.0          18.0          20.0
floralwhite                  37            18.0           8.2          13.0
gold                         48            48.0          26.0           1.7
green                         1             1.0         100.0         260.0
greenyellow                  23            23.5          38.0          43.0
grey                         49            49.0          14.0         -21.0
grey60                       25            27.0          28.0          30.0
ivory                         6             2.0          15.0          35.0
lightcyan                    31            35.0          24.0          24.0
lightcyan1                   15            26.0          13.0          12.0
lightgreen                   24            33.5          24.0          18.0
lightsteelblue1               7             4.0          16.0          31.0
lightyellow                  39            30.5          19.0          24.0
magenta                      18            19.5          45.0          64.0
mediumpurple3                19             5.5          12.0          27.0
midnightblue                 20            22.5          31.0          41.0
orange                       36            33.5          16.0          19.0
orangered4                   23            35.5          13.0          10.0
paleturquoise                47            47.0          11.0           5.5
pink                          2            11.5          72.0         100.0
plum1                        44            44.0           8.4           8.5
purple                       44            43.0          24.0          24.0
red                          39            41.5          31.0          31.0
royalblue                     5            27.5          40.0          28.0
saddlebrown                  22            21.5          19.0          23.0
salmon                        8             8.5          43.0          59.0
sienna3                      34            37.5          13.0          11.0
skyblue                      41            45.0          15.0          11.0
skyblue3                     17            31.5          18.0          16.0
steelblue                    27            37.5          18.0          15.0
tan                          11             5.5          51.0         110.0
turquoise                    31            10.0          39.0          91.0
violet                       22            29.0          18.0          18.0
white                        45            46.0          14.0           9.2
yellow                       37            40.5          34.0          29.0
yellowgreen                  12             3.5          20.0          41.0
  ..checking data for excessive amounts of missing data..
  ..calculating observed preservation values
  ..calculating permutation Z scores
 ..Working with set 1 as reference set
                medianRank.pres medianRank.qual Zsummary.pres Zsummary.qual
black                        26            33.5          50.0         80.00
blue                         12            20.0          77.0        120.00
brown                        23            36.0          49.0         56.00
cyan                         20            22.5          41.0         68.00
darkgreen                    33            32.5          23.0         36.00
darkgrey                     26            22.0          26.0         53.00
darkmagenta                  27            17.5          14.0         29.00
darkolivegreen               36            27.0          12.0         24.00
darkorange                   40            38.0          19.0         25.00
darkred                      17            28.5          38.0         57.00
darkturquoise                37            33.0          22.0         45.00
gold                         42            42.0          32.0          0.36
green                        13            12.5          73.0        160.00
greenyellow                  12             7.0          67.0        150.00
grey                         43            43.0          12.0        -19.00
grey60                       16            23.5          45.0         73.00
lightcyan                    22            31.5          38.0         56.00
lightgreen                   23            37.0          35.0         44.00
lightsteelblue1               4             4.0          19.0         38.00
lightyellow                   7            19.0          57.0         79.00
magenta                      21            32.5          51.0         62.00
mediumpurple3                32             3.0           8.4         36.00
midnightblue                 35            25.0          29.0         64.00
orange                        5             2.0          49.0        110.00
orangered4                    6            11.0          22.0         31.00
paleturquoise                18            13.5          20.0         42.00
pink                         31            28.0          43.0         82.00
plum1                        15            12.5          15.0         30.00
purple                       38            39.0          32.0         40.00
red                          37            41.0          40.0         36.00
royalblue                    28            26.0          30.0         55.00
saddlebrown                  30            15.0          22.0         51.00
salmon                       24            31.5          43.0         66.00
sienna3                      14             8.5          16.0         34.00
skyblue                       5            10.5          45.0         61.00
skyblue3                     35            16.5          10.0         21.00
steelblue                    11             5.5          28.0         64.00
tan                           8             9.0          68.0        110.00
turquoise                     9            17.0          77.0        140.00
violet                       20            22.0          18.0         33.00
white                        40            40.0          16.0         18.00
yellow                        3             5.5         110.0        210.00
yellowgreen                   1             1.0          43.0         66.00
  ..checking data for excessive amounts of missing data..
  ..calculating observed preservation values
  ..calculating permutation Z scores
 ..Working with set 1 as reference set
  ..checking data for excessive amounts of missing data..
  ..calculating observed preservation values
  ..calculating permutation Z scores
 ..Working with set 1 as reference set
  ..checking data for excessive amounts of missing data..
  ..calculating observed preservation values
  ..calculating permutation Z scores
 ..Working with set 1 as reference set
  ..checking data for excessive amounts of missing data..
  ..calculating observed preservation values
null device 
          1 
  ..calculating permutation Z scores
 ..Working with set 1 as reference set
null device 
          1 
null device 
          1 
