Loading required package: dynamicTreeCut
Loading required package: fastcluster

Attaching package: ‘fastcluster’

The following object is masked from ‘package:stats’:

    hclust

Loading required package: dynamicTreeCut
Loading required package: fastcluster

Attaching package: ‘fastcluster’

The following object is masked from ‘package:stats’:

    hclust


Loading required package: dynamicTreeCut
Loading required package: fastcluster

Attaching package: ‘fastcluster’

The following object is masked from ‘package:stats’:

    hclust


Attaching package: ‘WGCNA’

The following object is masked from ‘package:stats’:

    cor


Attaching package: ‘dplyr’

The following objects are masked from ‘package:stats’:

    filter, lag

The following objects are masked from ‘package:base’:

    intersect, setdiff, setequal, union

Allowing parallel execution with up to 79 working processes.

pickSoftThreshold: will use block size 5938.
 pickSoftThreshold: calculating connectivity for given powers...
   ..working on genes 1 through 5938 of 5938


Attaching package: ‘WGCNA’

The following object is masked from ‘package:stats’:

    cor


Attaching package: ‘dplyr’

The following objects are masked from ‘package:stats’:

    filter, lag

The following objects are masked from ‘package:base’:

    intersect, setdiff, setequal, union

Allowing parallel execution with up to 79 working processes.

Attaching package: ‘WGCNA’

The following object is masked from ‘package:stats’:

    cor


Attaching package: ‘dplyr’

The following objects are masked from ‘package:stats’:

    filter, lag

The following objects are masked from ‘package:base’:

    intersect, setdiff, setequal, union

pickSoftThreshold: will use block size 5938.
 pickSoftThreshold: calculating connectivity for given powers...
   ..working on genes 1 through 5938 of 5938
Allowing parallel execution with up to 79 working processes.
   Power SFT.R.sq  slope truncated.R.sq  mean.k. median.k.   max.k.
1      1  0.00195  0.384          0.939 6.98e+02  6.85e+02 1070.000
2      2  0.32000 -2.560          0.857 1.30e+02  1.24e+02  300.000
3      3  0.77500 -3.360          0.965 3.14e+01  2.85e+01  106.000
4      4  0.90700 -3.410          0.994 9.03e+00  7.70e+00   43.200
5      5  0.94500 -3.000          0.993 2.98e+00  2.36e+00   19.600
6      6  0.96100 -2.760          0.996 1.10e+00  7.93e-01   10.300
7      7  0.95400 -2.610          0.991 4.50e-01  2.89e-01    6.270
8      8  0.95900 -2.350          0.964 2.02e-01  1.12e-01    4.260
9      9  0.38400 -2.780          0.211 9.86e-02  4.58e-02    3.750
10    10  0.39000 -2.450          0.216 5.24e-02  1.95e-02    3.360
11    11  0.95200 -1.770          0.947 3.01e-02  8.71e-03    3.040
12    12  0.95800 -1.630          0.958 1.87e-02  3.99e-03    2.760
13    13  0.96400 -1.520          0.972 1.24e-02  1.88e-03    2.530
14    14  0.42200 -1.810          0.266 8.76e-03  9.09e-04    2.320
15    15  0.42200 -1.710          0.264 6.52e-03  4.46e-04    2.130
16    16  0.42000 -1.630          0.259 5.07e-03  2.20e-04    1.970
17    17  0.32300 -1.740          0.132 4.08e-03  1.10e-04    1.820
18    18  0.42200 -1.510          0.265 3.38e-03  5.64e-05    1.680
19    19  0.34400 -1.670          0.159 2.86e-03  2.88e-05    1.560
20    20  0.34400 -1.620          0.160 2.47e-03  1.49e-05    1.450
21    21  0.34600 -1.570          0.162 2.15e-03  7.77e-06    1.350
22    22  0.34800 -1.540          0.166 1.90e-03  4.07e-06    1.250
23    23  0.35000 -1.500          0.168 1.69e-03  2.14e-06    1.170
24    24  0.35000 -1.470          0.169 1.52e-03  1.14e-06    1.090
25    25  0.35200 -1.440          0.172 1.37e-03  6.07e-07    1.010
26    26  0.35200 -1.430          0.173 1.24e-03  3.24e-07    0.948
27    27  0.35400 -1.410          0.175 1.13e-03  1.72e-07    0.887
28    28  0.36900 -1.450          0.206 1.03e-03  9.13e-08    0.830
29    29  0.33900 -1.580          0.150 9.47e-04  4.89e-08    0.777
30    30  0.34600 -1.570          0.160 8.70e-04  2.62e-08    0.728
pickSoftThreshold: will use block size 5938.
 pickSoftThreshold: calculating connectivity for given powers...
   ..working on genes 1 through 5938 of 5938
 Calculating module eigengenes block-wise from all genes
   Flagging genes and samples with too many missing values...
    ..step 1
Cluster size 5938 broken into 2420 3518 
Cluster size 2420 broken into 921 1499 
Done cluster 921 
Done cluster 1499 
Done cluster 2420 
Cluster size 3518 broken into 1626 1892 
Cluster size 1626 broken into 789 837 
Done cluster 789 
Done cluster 837 
Done cluster 1626 
Cluster size 1892 broken into 1131 761 
Done cluster 1131 
Done cluster 761 
Done cluster 1892 
Done cluster 3518 
 ....pre-clustering genes to determine blocks..
   Projective K-means:
  projectiveKMeans: imputing missing data in 'datExpr'.
To reproduce older results, use 'imputeMissing = FALSE'. 
Cluster size 5938 broken into 2420 3518 
Cluster size 2420 broken into 921 1499 
Done cluster 921 
Done cluster 1499 
Done cluster 2420 
Cluster size 3518 broken into 1626 1892 
Cluster size 1626 broken into 789 837 
Done cluster 789 
Done cluster 837 
Done cluster 1626 
Cluster size 1892 broken into 1131 761 
Done cluster 1131 
Done cluster 761 
Done cluster 1892 
Done cluster 3518 
   ..k-means clustering..
   Power SFT.R.sq  slope truncated.R.sq  mean.k. median.k.   max.k.
1      1  0.00871 -0.634          0.959 7.39e+02  7.24e+02 1120.000
2      2  0.27900 -1.800          0.905 1.47e+02  1.37e+02  328.000
3      3  0.75900 -2.470          0.966 3.80e+01  3.29e+01  124.000
4      4  0.87900 -2.610          0.975 1.18e+01  9.24e+00   57.200
5      5  0.91600 -2.520          0.984 4.20e+00  2.92e+00   29.600
6      6  0.93700 -2.340          0.993 1.69e+00  1.01e+00   16.700
7      7  0.87800 -2.330          0.933 7.46e-01  3.78e-01   10.200
8      8  0.88400 -2.290          0.961 3.59e-01  1.51e-01    6.760
9      9  0.90900 -2.160          0.988 1.85e-01  6.27e-02    4.640
10    10  0.43000 -2.880          0.424 1.02e-01  2.75e-02    3.280
11    11  0.89700 -2.040          0.965 5.88e-02  1.26e-02    2.370
12    12  0.41300 -2.560          0.331 3.57e-02  5.88e-03    1.740
13    13  0.90900 -1.860          0.960 2.26e-02  2.84e-03    1.300
14    14  0.93300 -1.730          0.970 1.48e-02  1.39e-03    0.989
15    15  0.95000 -1.620          0.968 1.00e-02  6.94e-04    0.759
16    16  0.94800 -1.590          0.948 7.01e-03  3.53e-04    0.647
17    17  0.98000 -1.520          0.983 5.04e-03  1.83e-04    0.565
18    18  0.98100 -1.470          0.978 3.72e-03  9.54e-05    0.495
19    19  0.96500 -1.430          0.956 2.81e-03  5.02e-05    0.434
20    20  0.41400 -1.870          0.329 2.16e-03  2.65e-05    0.381
21    21  0.37600 -2.200          0.315 1.70e-03  1.41e-05    0.348
22    22  0.39200 -1.710          0.233 1.36e-03  7.59e-06    0.323
23    23  0.39000 -1.650          0.228 1.10e-03  4.11e-06    0.300
24    24  0.39700 -1.620          0.244 9.08e-04  2.21e-06    0.279
25    25  0.38000 -1.530          0.205 7.57e-04  1.20e-06    0.260
26    26  0.38500 -1.500          0.212 6.38e-04  6.55e-07    0.241
27    27  0.39000 -1.470          0.218 5.42e-04  3.57e-07    0.225
28    28  0.40900 -1.480          0.263 4.65e-04  1.96e-07    0.209
29    29  0.43300 -1.490          0.349 4.02e-04  1.09e-07    0.195
30    30  0.43700 -1.460          0.360 3.50e-04  6.01e-08    0.182
 Calculating module eigengenes block-wise from all genes
   Flagging genes and samples with too many missing values...
    ..step 1
Cluster size 5938 broken into 2218 3720 
Cluster size 2218 broken into 1070 1148 
Done cluster 1070 
Done cluster 1148 
Done cluster 2218 
Cluster size 3720 broken into 2274 1446 
Cluster size 2274 broken into 1170 1104 
Done cluster 1170 
Done cluster 1104 
Done cluster 2274 
Done cluster 1446 
Done cluster 3720 
 ....pre-clustering genes to determine blocks..
   Projective K-means:
  projectiveKMeans: imputing missing data in 'datExpr'.
To reproduce older results, use 'imputeMissing = FALSE'. 
Cluster size 5938 broken into 2218 3720 
Cluster size 2218 broken into 1070 1148 
Done cluster 1070 
Done cluster 1148 
Done cluster 2218 
Cluster size 3720 broken into 2274 1446 
Cluster size 2274 broken into 1170 1104 
Done cluster 1170 
Done cluster 1104 
Done cluster 2274 
Done cluster 1446 
Done cluster 3720 
   ..k-means clustering..
   Power SFT.R.sq slope truncated.R.sq  mean.k. median.k.  max.k.
1      1    0.229 -4.17          0.975 6.84e+02  6.76e+02 977.000
2      2    0.514 -3.54          0.965 1.26e+02  1.21e+02 245.000
3      3    0.794 -4.50          0.988 2.97e+01  2.74e+01  89.400
4      4    0.503 -6.27          0.478 8.37e+00  7.33e+00  42.100
5      5    0.518 -6.53          0.453 2.71e+00  2.22e+00  23.400
6      6    0.517 -5.50          0.453 9.83e-01  7.40e-01  14.500
7      7    0.476 -5.21          0.352 3.95e-01  2.67e-01   9.680
8      8    0.470 -4.54          0.356 1.74e-01  1.03e-01   6.830
9      9    0.480 -3.57          0.433 8.35e-02  4.16e-02   5.010
10    10    0.469 -3.21          0.432 4.34e-02  1.76e-02   3.790
11    11    0.459 -3.34          0.408 2.44e-02  7.70e-03   2.930
12    12    0.446 -3.08          0.406 1.46e-02  3.49e-03   2.310
13    13    0.434 -2.88          0.402 9.36e-03  1.64e-03   1.850
14    14    0.428 -2.72          0.400 6.32e-03  7.83e-04   1.500
15    15    0.418 -2.58          0.392 4.48e-03  3.81e-04   1.220
16    16    0.410 -2.46          0.384 3.30e-03  1.87e-04   1.010
17    17    0.407 -2.09          0.394 2.51e-03  9.34e-05   0.843
18    18    0.398 -2.00          0.374 1.97e-03  4.68e-05   0.708
19    19    0.391 -1.94          0.351 1.58e-03  2.40e-05   0.598
20    20    0.434 -1.57          0.363 1.29e-03  1.23e-05   0.508
21    21    0.428 -1.53          0.337 1.07e-03  6.29e-06   0.434
22    22    0.418 -1.48          0.320 9.02e-04  3.22e-06   0.373
23    23    0.929 -1.14          0.914 7.67e-04  1.69e-06   0.321
24    24    0.942 -1.11          0.940 6.59e-04  8.90e-07   0.278
25    25    0.946 -1.08          0.952 5.70e-04  4.63e-07   0.242
26    26    0.360 -1.30          0.178 4.97e-04  2.48e-07   0.211
27    27    0.243 -1.05          0.250 4.36e-04  1.32e-07   0.184
28    28    0.244 -1.04          0.269 3.84e-04  7.04e-08   0.161
29    29    0.247 -1.03          0.267 3.40e-04  3.72e-08   0.143
30    30    0.249 -1.02          0.269 3.02e-04  1.98e-08   0.131
 Calculating module eigengenes block-wise from all genes
   Flagging genes and samples with too many missing values...
    ..step 1
Cluster size 5938 broken into 2469 3469 
Cluster size 2469 broken into 1274 1195 
Done cluster 1274 
Done cluster 1195 
Done cluster 2469 
Cluster size 3469 broken into 1998 1471 
Cluster size 1998 broken into 1046 952 
Done cluster 1046 
Done cluster 952 
Done cluster 1998 
Done cluster 1471 
Done cluster 3469 
 ....pre-clustering genes to determine blocks..
   Projective K-means:
  projectiveKMeans: imputing missing data in 'datExpr'.
To reproduce older results, use 'imputeMissing = FALSE'. 
Cluster size 5938 broken into 2469 3469 
Cluster size 2469 broken into 1274 1195 
Done cluster 1274 
Done cluster 1195 
Done cluster 2469 
Cluster size 3469 broken into 1998 1471 
Cluster size 1998 broken into 1046 952 
Done cluster 1046 
Done cluster 952 
Done cluster 1998 
Done cluster 1471 
Done cluster 3469 
   ..k-means clustering..
   ..merging smaller clusters...
   ..merging smaller clusters...
   ..merging smaller clusters...
Block sizes:
gBlocks
   1    2 
4219 1719 
 ..Working on block 1 .
    TOM calculation: adjacency..
    ..will use 79 parallel threads.
     Fraction of slow calculations: 0.528773
Block sizes:
gBlocks
   1    2 
3983 1955 
 ..Working on block 1 .
    TOM calculation: adjacency..
    ..will use 79 parallel threads.
    ..connectivity..
    ..matrix multiplication (system BLAS)..
    ..normalization..
    ..done.
     Fraction of slow calculations: 0.510737
Block sizes:
gBlocks
   1    2 
4984  954 
 ..Working on block 1 .
    ..connectivity..
    ..matrix multiplication (system BLAS)..
    ..normalization..
    TOM calculation: adjacency..
    ..will use 79 parallel threads.
    ..done.
 ....clustering..
 ....detecting modules..
 ....clustering..
     Fraction of slow calculations: 0.514514
 ....detecting modules..
    ..connectivity..
    ..matrix multiplication (system BLAS)..
    ..normalization..
    ..done.
 ....calculating module eigengenes..
 ....checking kME in modules..
     ..removing 16 genes from module 1 because their KME is too low.
     ..removing 15 genes from module 2 because their KME is too low.
     ..removing 2 genes from module 3 because their KME is too low.
 ..Working on block 2 .
    TOM calculation: adjacency..
    ..will use 79 parallel threads.
 ....calculating module eigengenes..
     Fraction of slow calculations: 0.484113
 ....checking kME in modules..
     ..removing 82 genes from module 1 because their KME is too low.
     ..removing 82 genes from module 2 because their KME is too low.
     ..removing 14 genes from module 3 because their KME is too low.
     ..removing 6 genes from module 4 because their KME is too low.
     ..removing 1 genes from module 5 because their KME is too low.
    ..connectivity..
     ..removing 2 genes from module 6 because their KME is too low.
    ..matrix multiplication (system BLAS)..
    ..normalization..
    ..done.
 ....clustering..
 ....detecting modules..
 ....clustering..
 ....detecting modules..
 ..Working on block 2 .
    TOM calculation: adjacency..
    ..will use 79 parallel threads.
     Fraction of slow calculations: 0.477443
    ..connectivity..
    ..matrix multiplication (system BLAS)..
    ..normalization..
    ..done.
 ....clustering..
 ....detecting modules..
 ....calculating module eigengenes..
 ....checking kME in modules..
     ..removing 286 genes from module 1 because their KME is too low.
 ....calculating module eigengenes..
 ....checking kME in modules..
     ..removing 137 genes from module 1 because their KME is too low.
     ..removing 129 genes from module 2 because their KME is too low.
     ..removing 31 genes from module 3 because their KME is too low.
     ..removing 2 genes from module 4 because their KME is too low.
     ..removing 2 genes from module 5 because their KME is too low.
     ..removing 1 genes from module 6 because their KME is too low.
 ..merging modules that are too close..
     mergeCloseModules: Merging modules whose distance is less than 0.1
       Calculating new MEs...
Cluster size 4545 broken into 3061 1484 
Cluster size 3061 broken into 2720 341 
Cluster size 2720 broken into 1353 1367 
Done cluster 1353 
Done cluster 1367 
Done cluster 2720 
Done cluster 341 
Done cluster 3061 
Done cluster 1484 
 ....calculating module eigengenes..
 ....checking kME in modules..
     ..removing 109 genes from module 1 because their KME is too low.
     ..removing 37 genes from module 2 because their KME is too low.
     ..removing 10 genes from module 3 because their KME is too low.
Cluster size 4545 broken into 3061 1484 
Cluster size 3061 broken into 2720 341 
Cluster size 2720 broken into 1353 1367 
Done cluster 1353 
Done cluster 1367 
Done cluster 2720 
Done cluster 341 
Done cluster 3061 
Done cluster 1484 
 ..Working on block 2 .
    TOM calculation: adjacency..
    ..will use 79 parallel threads.
     Fraction of slow calculations: 0.430689
    ..connectivity..
    ..matrix multiplication (system BLAS)..
    ..normalization..
    ..done.
 ..merging modules that are too close..
     mergeCloseModules: Merging modules whose distance is less than 0.1
       Calculating new MEs...
Cluster size 3389 broken into 3297 92 
Cluster size 3297 broken into 7 3290 
Done cluster 7 
Cluster size 3290 broken into 1490 1800 
Done cluster 1490 
Cluster size 1800 broken into 1795 5 
Cluster size 1795 broken into 907 888 
Done cluster 907 
Cluster size 4545 broken into 1928 2617 
Cluster size 1928 broken into 12 1916 
Done cluster 12 
Cluster size 1916 broken into 1567 349 
Cluster size 1567 broken into 955 612 
Done cluster 888 
Done cluster 1795 
Done cluster 5 
Done cluster 1800 
Done cluster 3290 
Done cluster 3297 
Done cluster 92 
Done cluster 955 
Done cluster 612 
Done cluster 1567 
Done cluster 349 
Done cluster 1916 
Done cluster 1928 
Cluster size 2617 broken into 1758 859 
Cluster size 1758 broken into 343 1415 
Done cluster 343 
Done cluster 1415 
Done cluster 1758 
Done cluster 859 
Done cluster 2617 
 ....clustering..
 ....detecting modules..
Cluster size 3389 broken into 3297 92 
Cluster size 3297 broken into 7 3290 
Done cluster 7 
Cluster size 3290 broken into 1490 1800 
Done cluster 1490 
Cluster size 1800 broken into 1795 5 
Cluster size 1795 broken into 907 888 
Done cluster 907 
Cluster size 4545 broken into 2443 2102 
Cluster size 2443 broken into 1922 521 
Done cluster 888 
Done cluster 1795 
Done cluster 5 
Done cluster 1800 
Done cluster 3290 
Done cluster 3297 
Done cluster 92 
Cluster size 1922 broken into 787 1135 
Done cluster 787 
Done cluster 1135 
Done cluster 1922 
Done cluster 521 
Done cluster 2443 
Cluster size 2102 broken into 983 1119 
Done cluster 983 
Done cluster 1119 
Done cluster 2102 
Cluster size 4545 broken into 2242 2303 
Cluster size 2242 broken into 1596 646 
Cluster size 1596 broken into 6 1590 
Done cluster 6 
Cluster size 1590 broken into 61 1529 
Done cluster 61 
Cluster size 1529 broken into 1320 209 
Done cluster 1320 
Done cluster 209 
Done cluster 1529 
Done cluster 1590 
Done cluster 1596 
Done cluster 646 
Done cluster 2242 
Cluster size 2303 broken into 1644 659 
Cluster size 1644 broken into 1618 26 
Cluster size 1618 broken into 1224 394 
Cluster size 3389 broken into 3362 27 
Done cluster 1224 
Cluster size 3362 broken into 2153 1209 
Cluster size 2153 broken into 165 1988 
Done cluster 165 
Cluster size 1988 broken into 18 1970 
Done cluster 18 
Done cluster 394 
Done cluster 1618 
Done cluster 26 
Done cluster 1644 
Cluster size 1970 broken into 943 1027 
Done cluster 943 
Done cluster 659 
Done cluster 2303 
Done cluster 1027 
Done cluster 1970 
Done cluster 1988 
Done cluster 2153 
Done cluster 1209 
Done cluster 3362 
Done cluster 27 
null device 
          1 
 ....calculating module eigengenes..
 ....checking kME in modules..
     ..removing 13 genes from module 1 because their KME is too low.
     ..removing 2 genes from module 2 because their KME is too low.
     ..removing 1 genes from module 3 because their KME is too low.
Cluster size 3389 broken into 3186 203 
Cluster size 3186 broken into 1716 1470 
Cluster size 1716 broken into 1295 421 
Done cluster 1295 
Done cluster 421 
Done cluster 1716 
Done cluster 1470 
Done cluster 3186 
Done cluster 203 
Cluster size 3389 broken into 3375 14 
Cluster size 3375 broken into 1742 1633 
Cluster size 1742 broken into 1739 3 
Cluster size 1739 broken into 1204 535 
Done cluster 1204 
Done cluster 535 
Done cluster 1739 
Done cluster 3 
Done cluster 1742 
Cluster size 1633 broken into 373 1260 
Done cluster 373 
 ..merging modules that are too close..
     mergeCloseModules: Merging modules whose distance is less than 0.1
Done cluster 1260 
Done cluster 1633 
Done cluster 3375 
Done cluster 14 
       Calculating new MEs...
Cluster size 4162 broken into 2338 1824 
Cluster size 2338 broken into 1582 756 
Cluster size 1582 broken into 583 999 
Done cluster 583 
Done cluster 999 
Done cluster 1582 
Done cluster 756 
Done cluster 2338 
Cluster size 1824 broken into 1 1823 
Done cluster 1 
Cluster size 1823 broken into 1107 716 
Done cluster 1107 
Done cluster 716 
Done cluster 1823 
Done cluster 1824 
null device 
          1 
Cluster size 4162 broken into 2338 1824 
Cluster size 2338 broken into 1582 756 
Cluster size 1582 broken into 583 999 
Done cluster 583 
Done cluster 999 
Done cluster 1582 
Done cluster 756 
Done cluster 2338 
Cluster size 1824 broken into 1 1823 
Done cluster 1 
Cluster size 1823 broken into 1107 716 
Done cluster 1107 
Done cluster 716 
Done cluster 1823 
Done cluster 1824 
Cluster size 4162 broken into 2069 2093 
Cluster size 2069 broken into 11 2058 
Done cluster 11 
Cluster size 2058 broken into 22 2036 
Done cluster 22 
Cluster size 2036 broken into 1110 926 
Done cluster 1110 
Done cluster 926 
Done cluster 2036 
Done cluster 2058 
Done cluster 2069 
Cluster size 2093 broken into 1301 792 
Done cluster 1301 
Done cluster 792 
Done cluster 2093 
Cluster size 4162 broken into 2131 2031 
Cluster size 2131 broken into 387 1744 
Done cluster 387 
Cluster size 1744 broken into 1735 9 
Cluster size 1735 broken into 1500 235 
Done cluster 1500 
Done cluster 235 
Done cluster 1735 
Done cluster 9 
Done cluster 1744 
Done cluster 2131 
Cluster size 2031 broken into 255 1776 
Done cluster 255 
Cluster size 1776 broken into 25 1751 
Done cluster 25 
Cluster size 1751 broken into 15 1736 
Done cluster 15 
Cluster size 1736 broken into 14 1722 
Done cluster 14 
Cluster size 1722 broken into 797 925 
Done cluster 797 
Done cluster 925 
Done cluster 1722 
Done cluster 1736 
Done cluster 1751 
Done cluster 1776 
Done cluster 2031 
Cluster size 4162 broken into 2178 1984 
Cluster size 2178 broken into 1743 435 
Cluster size 1743 broken into 1158 585 
Done cluster 1158 
Done cluster 585 
Done cluster 1743 
Done cluster 435 
Done cluster 2178 
Cluster size 1984 broken into 700 1284 
Done cluster 700 
Done cluster 1284 
Done cluster 1984 
null device 
          1 
Loading required package: dynamicTreeCut
Loading required package: fastcluster

Attaching package: ‘fastcluster’

The following object is masked from ‘package:stats’:

    hclust

Loading required package: dynamicTreeCut
Loading required package: fastcluster

Attaching package: ‘fastcluster’

The following object is masked from ‘package:stats’:

    hclust

Loading required package: dynamicTreeCut
Loading required package: fastcluster

Attaching package: ‘fastcluster’

The following object is masked from ‘package:stats’:

    hclust





Attaching package: ‘WGCNA’

The following object is masked from ‘package:stats’:

    cor


Attaching package: ‘dplyr’

The following objects are masked from ‘package:stats’:

    filter, lag

The following objects are masked from ‘package:base’:

    intersect, setdiff, setequal, union

Allowing parallel execution with up to 79 working processes.

Attaching package: ‘WGCNA’

The following object is masked from ‘package:stats’:

    cor


Attaching package: ‘dplyr’

The following objects are masked from ‘package:stats’:

    filter, lag

The following objects are masked from ‘package:base’:

    intersect, setdiff, setequal, union

pickSoftThreshold: will use block size 5938.
 pickSoftThreshold: calculating connectivity for given powers...
   ..working on genes 1 through 5938 of 5938
Allowing parallel execution with up to 79 working processes.

Attaching package: ‘WGCNA’

The following object is masked from ‘package:stats’:

    cor


Attaching package: ‘dplyr’

The following objects are masked from ‘package:stats’:

    filter, lag

The following objects are masked from ‘package:base’:

    intersect, setdiff, setequal, union

Allowing parallel execution with up to 79 working processes.
pickSoftThreshold: will use block size 5938.
 pickSoftThreshold: calculating connectivity for given powers...
   ..working on genes 1 through 5938 of 5938
pickSoftThreshold: will use block size 5938.
 pickSoftThreshold: calculating connectivity for given powers...
   ..working on genes 1 through 5938 of 5938
   Power SFT.R.sq  slope truncated.R.sq  mean.k. median.k.  max.k.
1      1   0.0283  0.814          0.990 837.0000  8.30e+02 1250.00
2      2   0.1890 -1.120          0.978 190.0000  1.80e+02  413.00
3      3   0.6110 -2.230          0.964  56.5000  4.99e+01  185.00
4      4   0.7940 -2.450          0.981  20.3000  1.60e+01   99.00
5      5   0.8690 -2.320          0.988   8.4800  5.69e+00   59.40
6      6   0.9300 -2.090          0.997   4.0200  2.23e+00   38.60
7      7   0.9540 -1.870          0.991   2.1200  9.28e-01   26.50
8      8   0.9790 -1.710          0.992   1.2200  4.08e-01   19.70
9      9   0.9640 -1.690          0.987   0.7620  1.88e-01   17.30
10    10   0.9270 -1.690          0.957   0.5060  9.07e-02   15.30
11    11   0.9520 -1.610          0.988   0.3540  4.46e-02   13.70
12    12   0.9540 -1.560          0.987   0.2580  2.27e-02   12.30
13    13   0.9560 -1.510          0.979   0.1940  1.18e-02   11.10
14    14   0.9490 -1.480          0.975   0.1510  6.20e-03   10.00
15    15   0.9510 -1.440          0.975   0.1200  3.40e-03    9.11
16    16   0.9470 -1.420          0.962   0.0970  1.86e-03    8.30
17    17   0.9530 -1.390          0.966   0.0798  1.03e-03    7.57
18    18   0.9580 -1.360          0.968   0.0665  5.76e-04    6.93
19    19   0.9720 -1.320          0.981   0.0561  3.26e-04    6.35
20    20   0.9690 -1.310          0.976   0.0479  1.86e-04    5.83
21    21   0.9430 -1.310          0.947   0.0412  1.09e-04    5.36
22    22   0.9450 -1.290          0.948   0.0357  6.29e-05    4.94
23    23   0.9500 -1.270          0.952   0.0312  3.73e-05    4.56
24    24   0.3330 -1.590          0.154   0.0274  2.21e-05    4.21
25    25   0.3330 -1.560          0.155   0.0242  1.31e-05    3.90
26    26   0.3340 -1.550          0.155   0.0215  7.74e-06    3.61
27    27   0.3340 -1.530          0.155   0.0192  4.62e-06    3.34
28    28   0.3340 -1.520          0.153   0.0172  2.76e-06    3.10
29    29   0.3340 -1.510          0.152   0.0155  1.64e-06    2.88
30    30   0.9520 -1.190          0.939   0.0140  9.74e-07    2.68
 Calculating module eigengenes block-wise from all genes
   Flagging genes and samples with too many missing values...
    ..step 1
Cluster size 5938 broken into 2589 3349 
Cluster size 2589 broken into 1276 1313 
Done cluster 1276 
Done cluster 1313 
Done cluster 2589 
Cluster size 3349 broken into 2112 1237 
Cluster size 2112 broken into 883 1229 
Done cluster 883 
Done cluster 1229 
Done cluster 2112 
Done cluster 1237 
Done cluster 3349 
 ....pre-clustering genes to determine blocks..
   Projective K-means:
  projectiveKMeans: imputing missing data in 'datExpr'.
To reproduce older results, use 'imputeMissing = FALSE'. 
Cluster size 5938 broken into 2589 3349 
Cluster size 2589 broken into 1276 1313 
Done cluster 1276 
Done cluster 1313 
Done cluster 2589 
Cluster size 3349 broken into 2112 1237 
Cluster size 2112 broken into 883 1229 
Done cluster 883 
Done cluster 1229 
Done cluster 2112 
Done cluster 1237 
Done cluster 3349 
   ..k-means clustering..
   Power SFT.R.sq slope truncated.R.sq  mean.k. median.k.  max.k.
1      1   0.0762 -1.44          0.963 9.45e+02  9.29e+02 1660.00
2      2   0.4940 -2.44          0.985 2.42e+02  2.24e+02  693.00
3      3   0.7200 -2.76          0.965 8.02e+01  6.77e+01  356.00
4      4   0.3930 -4.21          0.421 3.17e+01  2.40e+01  207.00
5      5   0.8370 -2.77          0.986 1.43e+01  9.37e+00  131.00
6      6   0.8560 -2.64          0.976 7.17e+00  3.97e+00   87.80
7      7   0.4480 -3.54          0.461 3.89e+00  1.79e+00   61.80
8      8   0.4490 -3.36          0.470 2.26e+00  8.52e-01   45.00
9      9   0.4490 -3.19          0.477 1.39e+00  4.20e-01   33.80
10    10   0.4160 -3.72          0.434 8.99e-01  2.13e-01   26.00
11    11   0.4140 -3.57          0.438 6.04e-01  1.13e-01   20.30
12    12   0.4170 -3.45          0.445 4.20e-01  6.09e-02   16.20
13    13   0.4130 -3.32          0.443 3.00e-01  3.41e-02   13.10
14    14   0.4020 -3.18          0.430 2.20e-01  1.93e-02   10.70
15    15   0.4350 -2.53          0.463 1.65e-01  1.11e-02    8.80
16    16   0.4250 -2.42          0.443 1.26e-01  6.55e-03    7.32
17    17   0.8970 -1.73          0.967 9.84e-02  3.79e-03    6.13
18    18   0.9040 -1.68          0.975 7.77e-02  2.25e-03    5.17
19    19   0.3940 -2.17          0.392 6.21e-02  1.37e-03    4.38
20    20   0.9000 -1.58          0.929 5.03e-02  8.16e-04    3.74
21    21   0.9050 -1.56          0.929 4.12e-02  5.02e-04    3.30
22    22   0.9070 -1.54          0.928 3.40e-02  3.08e-04    3.01
23    23   0.9170 -1.52          0.937 2.84e-02  1.92e-04    2.75
24    24   0.3580 -1.88          0.200 2.38e-02  1.20e-04    2.52
25    25   0.3560 -2.37          0.286 2.02e-02  7.61e-05    2.32
26    26   0.4160 -1.97          0.395 1.72e-02  4.73e-05    2.13
27    27   0.4140 -1.92          0.389 1.48e-02  2.97e-05    1.96
28    28   0.4140 -1.89          0.387 1.27e-02  1.90e-05    1.81
29    29   0.4170 -1.87          0.390 1.10e-02  1.19e-05    1.68
30    30   0.4180 -1.84          0.392 9.63e-03  7.59e-06    1.55
 Calculating module eigengenes block-wise from all genes
   Flagging genes and samples with too many missing values...
    ..step 1
Cluster size 5938 broken into 2649 3289 
   Power SFT.R.sq  slope truncated.R.sq  mean.k. median.k.  max.k.
1      1  0.00417 -0.226          0.965 905.0000  8.89e+02 1480.00
2      2  0.49600 -1.770          0.961 225.0000  2.07e+02  594.00
3      3  0.76300 -2.220          0.973  73.8000  6.06e+01  311.00
4      4  0.85700 -2.250          0.981  29.4000  2.06e+01  188.00
5      5  0.90600 -2.130          0.985  13.6000  7.79e+00  124.00
6      6  0.93900 -1.970          0.988   7.0500  3.18e+00   87.30
7      7  0.95600 -1.840          0.989   4.0200  1.37e+00   64.20
8      8  0.96500 -1.750          0.991   2.4700  6.16e-01   50.40
9      9  0.97000 -1.680          0.994   1.6200  2.89e-01   41.20
10    10  0.97200 -1.630          0.997   1.1100  1.42e-01   34.50
11    11  0.97200 -1.580          0.993   0.7980  7.21e-02   29.30
12    12  0.97200 -1.540          0.992   0.5910  3.74e-02   25.20
13    13  0.95300 -1.520          0.973   0.4510  2.00e-02   22.00
14    14  0.95700 -1.480          0.974   0.3520  1.08e-02   19.40
15    15  0.97000 -1.440          0.991   0.2800  5.97e-03   17.20
16    16  0.96400 -1.420          0.981   0.2260  3.36e-03   15.30
17    17  0.97000 -1.400          0.985   0.1860  1.89e-03   13.70
18    18  0.97000 -1.370          0.984   0.1550  1.09e-03   12.40
19    19  0.96100 -1.360          0.974   0.1300  6.36e-04   11.30
20    20  0.96600 -1.350          0.984   0.1100  3.73e-04   10.30
21    21  0.96500 -1.330          0.982   0.0944  2.17e-04    9.39
22    22  0.96200 -1.320          0.979   0.0814  1.28e-04    8.62
23    23  0.96200 -1.310          0.977   0.0706  7.63e-05    7.93
24    24  0.93700 -1.320          0.953   0.0617  4.58e-05    7.32
25    25  0.96000 -1.290          0.978   0.0542  2.76e-05    6.77
26    26  0.96200 -1.280          0.979   0.0478  1.67e-05    6.27
27    27  0.95500 -1.280          0.977   0.0423  1.02e-05    5.83
28    28  0.95400 -1.270          0.975   0.0377  6.20e-06    5.42
29    29  0.95900 -1.250          0.981   0.0337  3.78e-06    5.06
30    30  0.96200 -1.250          0.982   0.0302  2.32e-06    4.72
Cluster size 2649 broken into 1299 1350 
Done cluster 1299 
Done cluster 1350 
Done cluster 2649 
Cluster size 3289 broken into 1387 1902 
Done cluster 1387 
Cluster size 1902 broken into 896 1006 
Done cluster 896 
Done cluster 1006 
Done cluster 1902 
Done cluster 3289 
 ....pre-clustering genes to determine blocks..
   Projective K-means:
  projectiveKMeans: imputing missing data in 'datExpr'.
To reproduce older results, use 'imputeMissing = FALSE'. 
 Calculating module eigengenes block-wise from all genes
   Flagging genes and samples with too many missing values...
    ..step 1
Cluster size 5938 broken into 2649 3289 
Cluster size 2649 broken into 1299 1350 
Cluster size 5938 broken into 2520 3418 
Done cluster 1299 
Cluster size 2520 broken into 1171 1349 
Done cluster 1171 
Done cluster 1350 
Done cluster 2649 
Cluster size 3289 broken into 1387 1902 
Done cluster 1349 
Done cluster 2520 
Cluster size 3418 broken into 1282 2136 
Done cluster 1387 
Cluster size 1902 broken into 896 1006 
Done cluster 1282 
Done cluster 896 
Cluster size 2136 broken into 844 1292 
Done cluster 844 
Done cluster 1006 
Done cluster 1902 
Done cluster 3289 
   ..k-means clustering..
Done cluster 1292 
Done cluster 2136 
Done cluster 3418 
 ....pre-clustering genes to determine blocks..
   Projective K-means:
  projectiveKMeans: imputing missing data in 'datExpr'.
To reproduce older results, use 'imputeMissing = FALSE'. 
Cluster size 5938 broken into 2520 3418 
Cluster size 2520 broken into 1171 1349 
Done cluster 1171 
Done cluster 1349 
Done cluster 2520 
Cluster size 3418 broken into 1282 2136 
Done cluster 1282 
Cluster size 2136 broken into 844 1292 
Done cluster 844 
Done cluster 1292 
Done cluster 2136 
Done cluster 3418 
   ..k-means clustering..
   ..merging smaller clusters...
   ..merging smaller clusters...
   ..merging smaller clusters...
Block sizes:
gBlocks
   1    2 
4615 1323 
 ..Working on block 1 .
Block sizes:
gBlocks
   1    2 
3533 2405 
 ..Working on block 1 .
    TOM calculation: adjacency..
    ..will use 79 parallel threads.
    TOM calculation: adjacency..
    ..will use 79 parallel threads.
Block sizes:
gBlocks
   1    2 
4962  976 
 ..Working on block 1 .
     Fraction of slow calculations: 0.526078
    TOM calculation: adjacency..
    ..will use 79 parallel threads.
     Fraction of slow calculations: 0.501684
    ..connectivity..
    ..matrix multiplication (system BLAS)..
    ..normalization..
    ..done.
    ..connectivity..
    ..matrix multiplication (system BLAS)..
     Fraction of slow calculations: 0.498329
    ..normalization..
    ..done.
 ....clustering..
 ....detecting modules..
    ..connectivity..
    ..matrix multiplication (system BLAS)..
    ..normalization..
    ..done.
 ....clustering..
 ....detecting modules..
 ....clustering..
 ....detecting modules..
 ....calculating module eigengenes..
 ....checking kME in modules..
     ..removing 263 genes from module 1 because their KME is too low.
     ..removing 96 genes from module 2 because their KME is too low.
     ..removing 17 genes from module 3 because their KME is too low.
     ..removing 37 genes from module 4 because their KME is too low.
     ..removing 2 genes from module 5 because their KME is too low.
     ..removing 8 genes from module 6 because their KME is too low.
     ..removing 7 genes from module 7 because their KME is too low.
 ..Working on block 2 .
    TOM calculation: adjacency..
    ..will use 79 parallel threads.
 ....calculating module eigengenes..
     Fraction of slow calculations: 0.498208
 ....checking kME in modules..
     ..removing 315 genes from module 1 because their KME is too low.
     ..removing 180 genes from module 2 because their KME is too low.
     ..removing 53 genes from module 3 because their KME is too low.
     ..removing 60 genes from module 4 because their KME is too low.
     ..removing 3 genes from module 5 because their KME is too low.
     ..removing 7 genes from module 6 because their KME is too low.
     ..removing 12 genes from module 7 because their KME is too low.
     ..removing 13 genes from module 9 because their KME is too low.
     ..removing 11 genes from module 10 because their KME is too low.
     ..removing 28 genes from module 11 because their KME is too low.
    ..connectivity..
    ..matrix multiplication (system BLAS)..
    ..normalization..
    ..done.
 ..Working on block 2 .
    TOM calculation: adjacency..
    ..will use 79 parallel threads.
     Fraction of slow calculations: 0.491077
    ..connectivity..
    ..matrix multiplication (system BLAS)..
    ..normalization..
    ..done.
 ....clustering..
 ....detecting modules..
 ....calculating module eigengenes..
 ....clustering..
 ....detecting modules..
 ....checking kME in modules..
     ..removing 377 genes from module 1 because their KME is too low.
     ..removing 159 genes from module 2 because their KME is too low.
     ..removing 100 genes from module 3 because their KME is too low.
     ..removing 121 genes from module 4 because their KME is too low.
     ..removing 59 genes from module 5 because their KME is too low.
     ..removing 103 genes from module 6 because their KME is too low.
     ..removing 4 genes from module 7 because their KME is too low.
     ..removing 13 genes from module 8 because their KME is too low.
     ..removing 3 genes from module 10 because their KME is too low.
     ..removing 6 genes from module 11 because their KME is too low.
 ....calculating module eigengenes..
 ....checking kME in modules..
     ..removing 207 genes from module 1 because their KME is too low.
     ..removing 146 genes from module 2 because their KME is too low.
     ..removing 90 genes from module 3 because their KME is too low.
     ..removing 32 genes from module 4 because their KME is too low.
     ..removing 24 genes from module 5 because their KME is too low.
     ..removing 8 genes from module 6 because their KME is too low.
     ..removing 2 genes from module 7 because their KME is too low.
 ....calculating module eigengenes..
 ..Working on block 2 .
    TOM calculation: adjacency..
    ..will use 79 parallel threads.
     Fraction of slow calculations: 0.485391
 ....checking kME in modules..
     ..removing 142 genes from module 1 because their KME is too low.
    ..connectivity..
    ..matrix multiplication (system BLAS)..
    ..normalization..
     ..removing 15 genes from module 2 because their KME is too low.
     ..removing 9 genes from module 3 because their KME is too low.
    ..done.
     ..removing 62 genes from module 4 because their KME is too low.
 ..merging modules that are too close..
     mergeCloseModules: Merging modules whose distance is less than 0.1
       Calculating new MEs...
Cluster size 1959 broken into 1668 291 
Cluster size 1668 broken into 1667 1 
Cluster size 1667 broken into 788 879 
 ....clustering..
 ....detecting modules..
Done cluster 788 
Done cluster 879 
Done cluster 1667 
Done cluster 1 
Done cluster 1668 
Done cluster 291 
 ..merging modules that are too close..
     mergeCloseModules: Merging modules whose distance is less than 0.1
       Calculating new MEs...
Cluster size 1792 broken into 1756 36 
Cluster size 1756 broken into 1731 25 
Cluster size 1731 broken into 1261 470 
Done cluster 1261 
Done cluster 470 
Done cluster 1731 
Done cluster 25 
Done cluster 1756 
Done cluster 36 
Cluster size 1959 broken into 1668 291 
Cluster size 1668 broken into 1667 1 
Cluster size 1667 broken into 788 879 
Done cluster 788 
Done cluster 879 
Done cluster 1667 
Done cluster 1 
Done cluster 1668 
Done cluster 291 
Cluster size 1792 broken into 1756 36 
Cluster size 1756 broken into 1731 25 
Cluster size 1731 broken into 1261 470 
Done cluster 1261 
Done cluster 470 
Done cluster 1731 
Done cluster 25 
Done cluster 1756 
Done cluster 36 
Cluster size 1959 broken into 1848 111 
Cluster size 1848 broken into 1807 41 
Cluster size 1807 broken into 449 1358 
Done cluster 449 
 ....calculating module eigengenes..
Done cluster 1358 
Done cluster 1807 
Done cluster 41 
Done cluster 1848 
Done cluster 111 
 ....checking kME in modules..
     ..removing 60 genes from module 1 because their KME is too low.
     ..removing 26 genes from module 2 because their KME is too low.
     ..removing 26 genes from module 3 because their KME is too low.
     ..removing 15 genes from module 4 because their KME is too low.
     ..removing 4 genes from module 5 because their KME is too low.
     ..removing 6 genes from module 6 because their KME is too low.
Cluster size 1959 broken into 1667 292 
Cluster size 1667 broken into 1 1666 
Done cluster 1 
Cluster size 1666 broken into 545 1121 
Done cluster 545 
Done cluster 1121 
Done cluster 1666 
Done cluster 1667 
Done cluster 292 
Cluster size 1792 broken into 1785 7 
Cluster size 1785 broken into 1721 64 
Cluster size 1721 broken into 1 1720 
Done cluster 1 
Cluster size 1720 broken into 1716 4 
Cluster size 1716 broken into 725 991 
Done cluster 725 
Done cluster 991 
Done cluster 1716 
Done cluster 4 
Done cluster 1720 
Done cluster 1721 
Done cluster 64 
Done cluster 1785 
Done cluster 7 
Cluster size 1959 broken into 1909 50 
Cluster size 1909 broken into 1908 1 
Cluster size 1908 broken into 3 1905 
Done cluster 3 
Cluster size 1905 broken into 5 1900 
Done cluster 5 
Cluster size 1900 broken into 1408 492 
 ..merging modules that are too close..
     mergeCloseModules: Merging modules whose distance is less than 0.1
Done cluster 1408 
Done cluster 492 
Done cluster 1900 
Done cluster 1905 
Done cluster 1908 
Done cluster 1 
Done cluster 1909 
Done cluster 50 
       Calculating new MEs...
null device 
          1 
Cluster size 1792 broken into 1783 9 
Cluster size 1783 broken into 885 898 
Done cluster 885 
Done cluster 898 
Done cluster 1783 
Done cluster 9 
Cluster size 1792 broken into 1769 23 
Cluster size 1769 broken into 1369 400 
Done cluster 1369 
Done cluster 400 
Done cluster 1769 
Done cluster 23 
null device 
          1 
null device 
          1 
Loading required package: dynamicTreeCut
Loading required package: fastcluster

Attaching package: ‘fastcluster’

The following object is masked from ‘package:stats’:

    hclust

Loading required package: dynamicTreeCut
Loading required package: fastcluster

Attaching package: ‘fastcluster’

The following object is masked from ‘package:stats’:

    hclust


Loading required package: dynamicTreeCut
Loading required package: fastcluster

Attaching package: ‘fastcluster’

The following object is masked from ‘package:stats’:

    hclust


Attaching package: ‘WGCNA’

The following object is masked from ‘package:stats’:

    cor


Attaching package: ‘dplyr’

The following objects are masked from ‘package:stats’:

    filter, lag

The following objects are masked from ‘package:base’:

    intersect, setdiff, setequal, union

Allowing parallel execution with up to 79 working processes.


Attaching package: ‘WGCNA’

The following object is masked from ‘package:stats’:

    cor


Attaching package: ‘dplyr’

The following objects are masked from ‘package:stats’:

    filter, lag

The following objects are masked from ‘package:base’:

    intersect, setdiff, setequal, union

Allowing parallel execution with up to 79 working processes.

  ..checking data for excessive amounts of missing data..
  ..calculating observed preservation values

Attaching package: ‘WGCNA’

The following object is masked from ‘package:stats’:

    cor


Attaching package: ‘dplyr’

The following objects are masked from ‘package:stats’:

    filter, lag

The following objects are masked from ‘package:base’:

    intersect, setdiff, setequal, union

Allowing parallel execution with up to 79 working processes.
  ..checking data for excessive amounts of missing data..
  ..calculating observed preservation values
  ..checking data for excessive amounts of missing data..
  ..calculating observed preservation values
  ..calculating permutation Z scores
 ..Working with set 1 as reference set
  ..calculating permutation Z scores
 ..Working with set 1 as reference set
  ..calculating permutation Z scores
 ..Working with set 1 as reference set
             medianRank.pres medianRank.qual Zsummary.pres Zsummary.qual
black                     15            12.0          20.0         45.00
blue                       2             5.5          67.0        100.00
brown                      6            13.0          40.0         52.00
cyan                      13             1.0          24.0         99.00
gold                      18            19.0          29.0          0.39
green                      7            16.5          33.0         41.00
greenyellow               12            18.0          23.0         32.00
grey                      20            20.0           6.3         -7.90
grey60                     4            10.5          24.0         32.00
lightcyan                 15             4.0          10.0         37.00
lightgreen                12             3.0          12.0         41.00
magenta                   19             9.5           8.0         58.00
midnightblue               1             2.0          43.0         80.00
pink                      10             7.0          28.0         58.00
purple                    10            14.5          26.0         37.00
red                        4             5.5          36.0         65.00
salmon                    17             8.0          13.0         47.00
tan                        6            10.0          30.0         50.00
turquoise                  7            14.5          57.0         88.00
yellow                    10            16.5          33.0         62.00
  ..checking data for excessive amounts of missing data..
  ..calculating observed preservation values
  ..calculating permutation Z scores
 ..Working with set 1 as reference set
            medianRank.pres medianRank.qual Zsummary.pres Zsummary.qual
black                     6             5.5          39.0        47.000
blue                      5             5.5          57.0        86.000
brown                    15            12.0           8.4        40.000
cyan                      1             1.0          41.0        47.000
gold                     14            15.0          13.0        -0.076
green                    11            14.0          23.0        24.000
greenyellow               7             3.0          23.0        51.000
grey                     16            16.0          17.0        -9.100
magenta                   2             2.0          55.0        65.000
pink                     12            13.0          13.0        18.000
purple                    7            10.0          21.0        26.000
red                       3             6.5          73.0        62.000
salmon                    6             9.0          21.0        28.000
tan                       9             4.0          14.0        39.000
turquoise                14            11.0           9.6        61.000
yellow                   10             8.0          29.0        60.000
  ..checking data for excessive amounts of missing data..
  ..calculating observed preservation values
  ..calculating permutation Z scores
 ..Working with set 1 as reference set
             medianRank.pres medianRank.qual Zsummary.pres Zsummary.qual
black                     16            12.0          21.0          39.0
blue                      19            17.0          26.0          60.0
brown                     15            16.0          35.0          64.0
cyan                       8             3.0          32.0          73.0
gold                      21            21.0           9.5           0.5
green                      8            13.5          51.0          56.0
greenyellow               11             4.0          22.0          51.0
grey                      22            22.0           5.8         -14.0
grey60                     6             2.0          24.0          63.0
lightcyan                  6            13.0          31.0          23.0
lightgreen                 8             5.5          27.0          43.0
lightyellow                1             1.0          44.0          66.0
magenta                    3            10.0          61.0          41.0
midnightblue              12             5.5          18.0          35.0
pink                       8            19.5          37.0          29.0
purple                    13             8.0          23.0          46.0
red                       16            19.5          24.0          42.0
royalblue                  2             9.0          36.0          30.0
salmon                    10             7.5          24.0          38.0
tan                       14            14.5          19.0          30.0
turquoise                 20            18.0          27.0          71.0
yellow                    15            12.0          28.0          61.0
  ..checking data for excessive amounts of missing data..
  ..calculating observed preservation values
  ..calculating permutation Z scores
 ..Working with set 1 as reference set
  ..checking data for excessive amounts of missing data..
  ..calculating observed preservation values
  ..checking data for excessive amounts of missing data..
  ..calculating observed preservation values
  ..calculating permutation Z scores
 ..Working with set 1 as reference set
  ..calculating permutation Z scores
 ..Working with set 1 as reference set
  ..checking data for excessive amounts of missing data..
  ..calculating observed preservation values
  ..calculating permutation Z scores
 ..Working with set 1 as reference set
null device 
          1 
null device 
          1 
null device 
          1 
