#
# There is insufficient memory for the Java Runtime Environment to continue.
# Cannot create GC thread. Out of system resources.
# Possible reasons:
#   The system is out of physical RAM or swap space
#   The process is running with CompressedOops enabled, and the Java Heap may be blocking the growth of the native heap
# Possible solutions:
#   Reduce memory load on the system
#   Increase physical memory or swap space
#   Check if swap backing store is full
#   Decrease Java heap size (-Xmx/-Xms)
#   Decrease number of Java threads
#   Decrease Java thread stack sizes (-Xss)
#   Set larger code cache with -XX:ReservedCodeCacheSize=
# This output file may be truncated or incomplete.
#
#  Out of Memory Error (gcTaskThread.cpp:48), pid=27100, tid=0x00007f4bf12d1700
#
# JRE version:  (8.0_322-b06) (build )
# Java VM: OpenJDK 64-Bit Server VM (25.322-b06 mixed mode linux-amd64 compressed oops)
# Failed to write core dump. Core dumps have been disabled. To enable core dumping, try "ulimit -c unlimited" before starting Java again
#

---------------  T H R E A D  ---------------

Current thread (0x00007f4be804b800):  JavaThread "Unknown thread" [_thread_in_vm, id=27101, stack(0x00007f4bf11d2000,0x00007f4bf12d2000)]

Stack: [0x00007f4bf11d2000,0x00007f4bf12d2000],  sp=0x00007f4bf12d07d0,  free space=1017k
Native frames: (J=compiled Java code, j=interpreted, Vv=VM code, C=native code)
V  [libjvm.so+0xb65c5d]  VMError::report_and_die()+0x1cd
V  [libjvm.so+0x5073ca]  report_vm_out_of_memory(char const*, int, unsigned long, VMErrorType, char const*)+0xaa
V  [libjvm.so+0x5df47f]  GCTaskThread::GCTaskThread(GCTaskManager*, unsigned int, unsigned int)+0x16f
V  [libjvm.so+0x5dec07]  GCTaskManager::initialize()+0x397
V  [libjvm.so+0x9692b4]  ParallelScavengeHeap::initialize()+0x394
V  [libjvm.so+0xb2eaa9]  Universe::initialize_heap()+0x159
V  [libjvm.so+0xb2ed52]  universe_init()+0x42
V  [libjvm.so+0x643dcf]  init_globals()+0x6f
V  [libjvm.so+0xb10f9f]  Threads::create_vm(JavaVMInitArgs*, bool*)+0x29f
V  [libjvm.so+0x71700d]  JNI_CreateJavaVM+0x5d
C  [libjli.so+0x3043]  JavaMain+0xa3
C  [libpthread.so.0+0x7ea5]  start_thread+0xc5


---------------  P R O C E S S  ---------------

Java Threads: ( => current thread )

Other Threads:

=>0x00007f4be804b800 (exited) JavaThread "Unknown thread" [_thread_in_vm, id=27101, stack(0x00007f4bf11d2000,0x00007f4bf12d2000)]

VM state:not at safepoint (not fully initialized)

VM Mutex/Monitor currently owned by a thread: None

heap address: 0x00000006c0000000, size: 4096 MB, Compressed Oops mode: Non-zero based:0x00000006bffff000, Oop shift amount: 3
Narrow klass base: 0x0000000000000000, Narrow klass shift: 0

GC Heap History (0 events):
No events

Deoptimization events (0 events):
No events

Classes redefined (0 events):
No events

Internal exceptions (0 events):
No events

Events (0 events):
No events


Dynamic libraries:
6c0000000-715580000 rw-p 00000000 00:00 0 
715580000-76ab00000 ---p 00000000 00:00 0 
76ab00000-795580000 rw-p 00000000 00:00 0 
795580000-7c0000000 ---p 00000000 00:00 0 
5591852ec000-5591852ed000 r-xp 00000000 fd:00 33671854                   /usr/lib/jvm/java-1.8.0-openjdk-1.8.0.322.b06-1.el7_9.x86_64/jre/bin/java
5591854ec000-5591854ed000 r--p 00000000 fd:00 33671854                   /usr/lib/jvm/java-1.8.0-openjdk-1.8.0.322.b06-1.el7_9.x86_64/jre/bin/java
5591854ed000-5591854ee000 rw-p 00001000 fd:00 33671854                   /usr/lib/jvm/java-1.8.0-openjdk-1.8.0.322.b06-1.el7_9.x86_64/jre/bin/java
5591862f2000-559186313000 rw-p 00000000 00:00 0                          [heap]
7f4bd9000000-7f4bd9270000 rwxp 00000000 00:00 0 
7f4bd9270000-7f4be8000000 ---p 00000000 00:00 0 
7f4be8000000-7f4be808c000 rw-p 00000000 00:00 0 
7f4be808c000-7f4bec000000 ---p 00000000 00:00 0 
7f4bec1b3000-7f4bec471000 rw-p 00000000 00:00 0 
7f4bec471000-7f4bec472000 ---p 00000000 00:00 0 
7f4bec472000-7f4bec572000 rw-p 00000000 00:00 0 
7f4bec572000-7f4bec573000 ---p 00000000 00:00 0 
7f4bec573000-7f4bec673000 rw-p 00000000 00:00 0 
7f4bec673000-7f4bec674000 ---p 00000000 00:00 0 
7f4bec674000-7f4bec774000 rw-p 00000000 00:00 0 
7f4bec774000-7f4bec775000 ---p 00000000 00:00 0 
7f4bec775000-7f4bec875000 rw-p 00000000 00:00 0 
7f4bec875000-7f4bec876000 ---p 00000000 00:00 0 
7f4bec876000-7f4bec976000 rw-p 00000000 00:00 0 
7f4bec976000-7f4bec977000 ---p 00000000 00:00 0 
7f4bec977000-7f4beca77000 rw-p 00000000 00:00 0 
7f4beca77000-7f4beca78000 ---p 00000000 00:00 0 
7f4beca78000-7f4becb78000 rw-p 00000000 00:00 0 
7f4becb78000-7f4becb79000 ---p 00000000 00:00 0 
7f4becb79000-7f4becc79000 rw-p 00000000 00:00 0 
7f4becc79000-7f4becc7a000 ---p 00000000 00:00 0 
7f4becc7a000-7f4becd7a000 rw-p 00000000 00:00 0 
7f4becd7a000-7f4becd7b000 ---p 00000000 00:00 0 
7f4becd7b000-7f4bece7b000 rw-p 00000000 00:00 0 
7f4bece7b000-7f4bece7c000 ---p 00000000 00:00 0 
7f4bece7c000-7f4becf7c000 rw-p 00000000 00:00 0 
7f4becf7c000-7f4becf7d000 ---p 00000000 00:00 0 
7f4becf7d000-7f4bed328000 rw-p 00000000 00:00 0 
7f4bed328000-7f4bed5d3000 ---p 00000000 00:00 0 
7f4bed5d3000-7f4bed87e000 rw-p 00000000 00:00 0 
7f4bed87e000-7f4bedb28000 ---p 00000000 00:00 0 
7f4bedb28000-7f4bedc7e000 rw-p 00000000 00:00 0 
7f4bedc7e000-7f4beddd3000 ---p 00000000 00:00 0 
7f4beddd3000-7f4beddde000 rw-p 00000000 00:00 0 
7f4beddde000-7f4bee194000 ---p 00000000 00:00 0 
7f4bee194000-7f4bee19c000 r-xp 00000000 fd:00 42257047                   /usr/lib/jvm/java-1.8.0-openjdk-1.8.0.322.b06-1.el7_9.x86_64/jre/lib/amd64/libzip.so
7f4bee19c000-7f4bee39b000 ---p 00008000 fd:00 42257047                   /usr/lib/jvm/java-1.8.0-openjdk-1.8.0.322.b06-1.el7_9.x86_64/jre/lib/amd64/libzip.so
7f4bee39b000-7f4bee39c000 r--p 00007000 fd:00 42257047                   /usr/lib/jvm/java-1.8.0-openjdk-1.8.0.322.b06-1.el7_9.x86_64/jre/lib/amd64/libzip.so
7f4bee39c000-7f4bee39d000 rw-p 00008000 fd:00 42257047                   /usr/lib/jvm/java-1.8.0-openjdk-1.8.0.322.b06-1.el7_9.x86_64/jre/lib/amd64/libzip.so
7f4bee39d000-7f4bee3a9000 r-xp 00000000 fd:00 42021919                   /usr/lib64/libnss_files-2.17.so
7f4bee3a9000-7f4bee5a8000 ---p 0000c000 fd:00 42021919                   /usr/lib64/libnss_files-2.17.so
7f4bee5a8000-7f4bee5a9000 r--p 0000b000 fd:00 42021919                   /usr/lib64/libnss_files-2.17.so
7f4bee5a9000-7f4bee5aa000 rw-p 0000c000 fd:00 42021919                   /usr/lib64/libnss_files-2.17.so
7f4bee5aa000-7f4bee5b0000 rw-p 00000000 00:00 0 
7f4bee5b0000-7f4bee5da000 r-xp 00000000 fd:00 42067975                   /usr/lib/jvm/java-1.8.0-openjdk-1.8.0.322.b06-1.el7_9.x86_64/jre/lib/amd64/libjava.so
7f4bee5da000-7f4bee7d9000 ---p 0002a000 fd:00 42067975                   /usr/lib/jvm/java-1.8.0-openjdk-1.8.0.322.b06-1.el7_9.x86_64/jre/lib/amd64/libjava.so
7f4bee7d9000-7f4bee7da000 r--p 00029000 fd:00 42067975                   /usr/lib/jvm/java-1.8.0-openjdk-1.8.0.322.b06-1.el7_9.x86_64/jre/lib/amd64/libjava.so
7f4bee7da000-7f4bee7dc000 rw-p 0002a000 fd:00 42067975                   /usr/lib/jvm/java-1.8.0-openjdk-1.8.0.322.b06-1.el7_9.x86_64/jre/lib/amd64/libjava.so
7f4bee7dc000-7f4bee7e9000 r-xp 00000000 fd:00 42257046                   /usr/lib/jvm/java-1.8.0-openjdk-1.8.0.322.b06-1.el7_9.x86_64/jre/lib/amd64/libverify.so
7f4bee7e9000-7f4bee9e8000 ---p 0000d000 fd:00 42257046                   /usr/lib/jvm/java-1.8.0-openjdk-1.8.0.322.b06-1.el7_9.x86_64/jre/lib/amd64/libverify.so
7f4bee9e8000-7f4bee9ea000 r--p 0000c000 fd:00 42257046                   /usr/lib/jvm/java-1.8.0-openjdk-1.8.0.322.b06-1.el7_9.x86_64/jre/lib/amd64/libverify.so
7f4bee9ea000-7f4bee9eb000 rw-p 0000e000 fd:00 42257046                   /usr/lib/jvm/java-1.8.0-openjdk-1.8.0.322.b06-1.el7_9.x86_64/jre/lib/amd64/libverify.so
7f4bee9eb000-7f4bee9f2000 r-xp 00000000 fd:00 42021931                   /usr/lib64/librt-2.17.so
7f4bee9f2000-7f4beebf1000 ---p 00007000 fd:00 42021931                   /usr/lib64/librt-2.17.so
7f4beebf1000-7f4beebf2000 r--p 00006000 fd:00 42021931                   /usr/lib64/librt-2.17.so
7f4beebf2000-7f4beebf3000 rw-p 00007000 fd:00 42021931                   /usr/lib64/librt-2.17.so
7f4beebf3000-7f4beec08000 r-xp 00000000 fd:00 43232842                   /usr/lib64/libgcc_s-4.8.5-20150702.so.1
7f4beec08000-7f4beee07000 ---p 00015000 fd:00 43232842                   /usr/lib64/libgcc_s-4.8.5-20150702.so.1
7f4beee07000-7f4beee08000 r--p 00014000 fd:00 43232842                   /usr/lib64/libgcc_s-4.8.5-20150702.so.1
7f4beee08000-7f4beee09000 rw-p 00015000 fd:00 43232842                   /usr/lib64/libgcc_s-4.8.5-20150702.so.1
7f4beee09000-7f4beef0a000 r-xp 00000000 fd:00 42001472                   /usr/lib64/libm-2.17.so
7f4beef0a000-7f4bef109000 ---p 00101000 fd:00 42001472                   /usr/lib64/libm-2.17.so
7f4bef109000-7f4bef10a000 r--p 00100000 fd:00 42001472                   /usr/lib64/libm-2.17.so
7f4bef10a000-7f4bef10b000 rw-p 00101000 fd:00 42001472                   /usr/lib64/libm-2.17.so
7f4bef10b000-7f4bef1f4000 r-xp 00000000 fd:00 41944216                   /usr/lib64/libstdc++.so.6.0.19
7f4bef1f4000-7f4bef3f4000 ---p 000e9000 fd:00 41944216                   /usr/lib64/libstdc++.so.6.0.19
7f4bef3f4000-7f4bef3fc000 r--p 000e9000 fd:00 41944216                   /usr/lib64/libstdc++.so.6.0.19
7f4bef3fc000-7f4bef3fe000 rw-p 000f1000 fd:00 41944216                   /usr/lib64/libstdc++.so.6.0.19
7f4bef3fe000-7f4bef413000 rw-p 00000000 00:00 0 
7f4bef413000-7f4bf01b0000 r-xp 00000000 fd:00 67193360                   /usr/lib/jvm/java-1.8.0-openjdk-1.8.0.322.b06-1.el7_9.x86_64/jre/lib/amd64/server/libjvm.so
7f4bf01b0000-7f4bf03af000 ---p 00d9d000 fd:00 67193360                   /usr/lib/jvm/java-1.8.0-openjdk-1.8.0.322.b06-1.el7_9.x86_64/jre/lib/amd64/server/libjvm.so
7f4bf03af000-7f4bf045d000 r--p 00d9c000 fd:00 67193360                   /usr/lib/jvm/java-1.8.0-openjdk-1.8.0.322.b06-1.el7_9.x86_64/jre/lib/amd64/server/libjvm.so
7f4bf045d000-7f4bf0488000 rw-p 00e4a000 fd:00 67193360                   /usr/lib/jvm/java-1.8.0-openjdk-1.8.0.322.b06-1.el7_9.x86_64/jre/lib/amd64/server/libjvm.so
7f4bf0488000-7f4bf04be000 rw-p 00000000 00:00 0 
7f4bf04be000-7f4bf0682000 r-xp 00000000 fd:00 41944158                   /usr/lib64/libc-2.17.so
7f4bf0682000-7f4bf0881000 ---p 001c4000 fd:00 41944158                   /usr/lib64/libc-2.17.so
7f4bf0881000-7f4bf0885000 r--p 001c3000 fd:00 41944158                   /usr/lib64/libc-2.17.so
7f4bf0885000-7f4bf0887000 rw-p 001c7000 fd:00 41944158                   /usr/lib64/libc-2.17.so
7f4bf0887000-7f4bf088c000 rw-p 00000000 00:00 0 
7f4bf088c000-7f4bf088e000 r-xp 00000000 fd:00 41956587                   /usr/lib64/libdl-2.17.so
7f4bf088e000-7f4bf0a8e000 ---p 00002000 fd:00 41956587                   /usr/lib64/libdl-2.17.so
7f4bf0a8e000-7f4bf0a8f000 r--p 00002000 fd:00 41956587                   /usr/lib64/libdl-2.17.so
7f4bf0a8f000-7f4bf0a90000 rw-p 00003000 fd:00 41956587                   /usr/lib64/libdl-2.17.so
7f4bf0a90000-7f4bf0a9e000 r-xp 00000000 fd:00 58727967                   /usr/lib/jvm/java-1.8.0-openjdk-1.8.0.322.b06-1.el7_9.x86_64/jre/lib/amd64/jli/libjli.so
7f4bf0a9e000-7f4bf0c9d000 ---p 0000e000 fd:00 58727967                   /usr/lib/jvm/java-1.8.0-openjdk-1.8.0.322.b06-1.el7_9.x86_64/jre/lib/amd64/jli/libjli.so
7f4bf0c9d000-7f4bf0c9e000 r--p 0000d000 fd:00 58727967                   /usr/lib/jvm/java-1.8.0-openjdk-1.8.0.322.b06-1.el7_9.x86_64/jre/lib/amd64/jli/libjli.so
7f4bf0c9e000-7f4bf0c9f000 rw-p 0000e000 fd:00 58727967                   /usr/lib/jvm/java-1.8.0-openjdk-1.8.0.322.b06-1.el7_9.x86_64/jre/lib/amd64/jli/libjli.so
7f4bf0c9f000-7f4bf0cb4000 r-xp 00000000 fd:00 41944256                   /usr/lib64/libz.so.1.2.7
7f4bf0cb4000-7f4bf0eb3000 ---p 00015000 fd:00 41944256                   /usr/lib64/libz.so.1.2.7
7f4bf0eb3000-7f4bf0eb4000 r--p 00014000 fd:00 41944256                   /usr/lib64/libz.so.1.2.7
7f4bf0eb4000-7f4bf0eb5000 rw-p 00015000 fd:00 41944256                   /usr/lib64/libz.so.1.2.7
7f4bf0eb5000-7f4bf0ecc000 r-xp 00000000 fd:00 42021927                   /usr/lib64/libpthread-2.17.so
7f4bf0ecc000-7f4bf10cb000 ---p 00017000 fd:00 42021927                   /usr/lib64/libpthread-2.17.so
7f4bf10cb000-7f4bf10cc000 r--p 00016000 fd:00 42021927                   /usr/lib64/libpthread-2.17.so
7f4bf10cc000-7f4bf10cd000 rw-p 00017000 fd:00 42021927                   /usr/lib64/libpthread-2.17.so
7f4bf10cd000-7f4bf10d1000 rw-p 00000000 00:00 0 
7f4bf10d1000-7f4bf10f3000 r-xp 00000000 fd:00 41944150                   /usr/lib64/ld-2.17.so
7f4bf1190000-7f4bf11d1000 rw-p 00000000 00:00 0 
7f4bf11d1000-7f4bf11d5000 ---p 00000000 00:00 0 
7f4bf11d5000-7f4bf12d7000 rw-p 00000000 00:00 0 
7f4bf12e4000-7f4bf12e7000 rw-p 00000000 00:00 0 
7f4bf12e7000-7f4bf12ef000 rw-s 00000000 fd:00 17958977                   /tmp/hsperfdata_cu995/27100
7f4bf12ef000-7f4bf12f0000 rw-p 00000000 00:00 0 
7f4bf12f0000-7f4bf12f1000 r--p 00000000 00:00 0 
7f4bf12f1000-7f4bf12f2000 rw-p 00000000 00:00 0 
7f4bf12f2000-7f4bf12f3000 r--p 00021000 fd:00 41944150                   /usr/lib64/ld-2.17.so
7f4bf12f3000-7f4bf12f4000 rw-p 00022000 fd:00 41944150                   /usr/lib64/ld-2.17.so
7f4bf12f4000-7f4bf12f5000 rw-p 00000000 00:00 0 
7ffe9eeb4000-7ffe9eed8000 rw-p 00000000 00:00 0                          [stack]
7ffe9efd6000-7ffe9efd8000 r-xp 00000000 00:00 0                          [vdso]
ffffffffff600000-ffffffffff601000 r-xp 00000000 00:00 0                  [vsyscall]

VM Arguments:
java_command: getsp -test
java_class_path (initial): /PHShome/cu995/Downloads/conda_personal/envs/r4_env/lib/R/share/java
Launcher Type: SUN_STANDARD

Environment Variables:
PATH=/usr/share/lsf/9.1/linux2.6-glibc2.3-x86_64/etc:/usr/share/lsf/9.1/linux2.6-glibc2.3-x86_64/bin:/PHShome/cu995/google-cloud-sdk/bin:/PHShome/cu995/Downloads/conda_personal/envs/r4_env/bin:/PHShome/cu995/Downloads/conda_personal/condabin:/usr/local/bin:/usr/bin:/usr/local/sbin:/usr/sbin:/PHShome/cu995/bin
LD_LIBRARY_PATH=/usr/share/lsf/9.1/linux2.6-glibc2.3-x86_64/lib
SHELL=/bin/bash

Signal Handlers:
SIGSEGV: [libjvm.so+0xb666a0], sa_mask[0]=11111111011111111101111111111110, sa_flags=SA_RESTART|SA_SIGINFO
SIGBUS: [libjvm.so+0xb666a0], sa_mask[0]=11111111011111111101111111111110, sa_flags=SA_RESTART|SA_SIGINFO
SIGFPE: [libjvm.so+0x93c350], sa_mask[0]=11111111011111111101111111111110, sa_flags=SA_RESTART|SA_SIGINFO
SIGPIPE: [libjvm.so+0x93c350], sa_mask[0]=11111111011111111101111111111110, sa_flags=SA_RESTART|SA_SIGINFO
SIGXFSZ: [libjvm.so+0x93c350], sa_mask[0]=11111111011111111101111111111110, sa_flags=SA_RESTART|SA_SIGINFO
SIGILL: [libjvm.so+0x93c350], sa_mask[0]=11111111011111111101111111111110, sa_flags=SA_RESTART|SA_SIGINFO
SIGUSR1: SIG_DFL, sa_mask[0]=00000000000000000000000000000000, sa_flags=none
SIGUSR2: [libjvm.so+0x93c4c0], sa_mask[0]=00000000000000000000000000000000, sa_flags=SA_RESTART|SA_SIGINFO
SIGHUP: SIG_DFL, sa_mask[0]=00000000000000000000000000000000, sa_flags=none
SIGINT: SIG_DFL, sa_mask[0]=00000000000000000000000000000000, sa_flags=none
SIGTERM: SIG_DFL, sa_mask[0]=00000000000000000000000000000000, sa_flags=none
SIGQUIT: SIG_DFL, sa_mask[0]=00000000000000000000000000000000, sa_flags=none


---------------  S Y S T E M  ---------------

OS:CentOS Linux release 7.9.2009 (Core)

uname:Linux 3.10.0-1160.6.1.el7.x86_64 #1 SMP Tue Nov 17 13:59:11 UTC 2020 x86_64
libc:glibc 2.17 NPTL 2.17 
rlimit: STACK 8192k, CORE 0k, NPROC 30, NOFILE 65535, AS 8388608k
load average:0.37 0.53 0.90

/proc/meminfo:
MemTotal:       395752896 kB
MemFree:        80590624 kB
MemAvailable:   371390112 kB
Buffers:          276584 kB
Cached:         289176772 kB
SwapCached:            0 kB
Active:         38065352 kB
Inactive:       256540860 kB
Active(anon):    4733392 kB
Inactive(anon):  4642796 kB
Active(file):   33331960 kB
Inactive(file): 251898064 kB
Unevictable:           0 kB
Mlocked:               0 kB
SwapTotal:       4194300 kB
SwapFree:        4194300 kB
Dirty:               100 kB
Writeback:             0 kB
AnonPages:       5147796 kB
Mapped:           148760 kB
Shmem:           4223332 kB
Slab:            7251412 kB
SReclaimable:    6707588 kB
SUnreclaim:       543824 kB
KernelStack:       12928 kB
PageTables:        83668 kB
NFS_Unstable:          0 kB
Bounce:                0 kB
WritebackTmp:          0 kB
CommitLimit:    202070748 kB
Committed_AS:   30047044 kB
VmallocTotal:   34359738367 kB
VmallocUsed:     2857916 kB
VmallocChunk:   34152281548 kB
Percpu:             5376 kB
HardwareCorrupted:     0 kB
AnonHugePages:    299008 kB
CmaTotal:              0 kB
CmaFree:               0 kB
HugePages_Total:       0
HugePages_Free:        0
HugePages_Rsvd:        0
HugePages_Surp:        0
Hugepagesize:       2048 kB
DirectMap4k:      920940 kB
DirectMap2M:    189581312 kB
DirectMap1G:    211812352 kB

container (cgroup) information:
container_type: cgroupv1
cpu_cpuset_cpus: 0-15
cpu_memory_nodes: 0-1
active_processor_count: 16
cpu_quota: -1
cpu_period: 100000
cpu_shares: -1
memory_limit_in_bytes: -1
memory_and_swap_limit_in_bytes: -1
memory_soft_limit_in_bytes: -1
memory_usage_in_bytes: 301674143744
memory_max_usage_in_bytes: 0


CPU:total 16 (initial active 16) (8 cores per cpu, 2 threads per core) family 6 model 85 stepping 4, cmov, cx8, fxsr, mmx, sse, sse2, sse3, ssse3, sse4.1, sse4.2, popcnt, avx, avx2, aes, clmul, erms, rtm, 3dnowpref, lzcnt, ht, tsc, tscinvbit, bmi1, bmi2, adx

/proc/cpuinfo:
processor	: 0
vendor_id	: GenuineIntel
cpu family	: 6
model		: 85
model name	: Intel(R) Xeon(R) Silver 4110 CPU @ 2.10GHz
stepping	: 4
microcode	: 0x2006b06
cpu MHz		: 2100.000
cache size	: 11264 KB
physical id	: 0
siblings	: 8
core id		: 0
cpu cores	: 8
apicid		: 0
initial apicid	: 0
fpu		: yes
fpu_exception	: yes
cpuid level	: 22
wp		: yes
flags		: fpu vme de pse tsc msr pae mce cx8 apic sep mtrr pge mca cmov pat pse36 clflush dts acpi mmx fxsr sse sse2 ss ht tm pbe syscall nx pdpe1gb rdtscp lm constant_tsc art arch_perfmon pebs bts rep_good nopl xtopology nonstop_tsc aperfmperf eagerfpu pni pclmulqdq dtes64 monitor ds_cpl vmx smx est tm2 ssse3 sdbg fma cx16 xtpr pdcm pcid dca sse4_1 sse4_2 x2apic movbe popcnt tsc_deadline_timer aes xsave avx f16c rdrand lahf_lm abm 3dnowprefetch epb cat_l3 cdp_l3 invpcid_single intel_ppin intel_pt ssbd mba ibrs ibpb stibp tpr_shadow vnmi flexpriority ept vpid fsgsbase tsc_adjust bmi1 hle avx2 smep bmi2 erms invpcid rtm cqm mpx rdt_a avx512f avx512dq rdseed adx smap clflushopt clwb avx512cd avx512bw avx512vl xsaveopt xsavec xgetbv1 cqm_llc cqm_occup_llc cqm_mbm_total cqm_mbm_local dtherm ida arat pln pts pku ospke md_clear spec_ctrl intel_stibp flush_l1d
bogomips	: 4200.00
clflush size	: 64
cache_alignment	: 64
address sizes	: 46 bits physical, 48 bits virtual
power management:

processor	: 1
vendor_id	: GenuineIntel
cpu family	: 6
model		: 85
model name	: Intel(R) Xeon(R) Silver 4110 CPU @ 2.10GHz
stepping	: 4
microcode	: 0x2006b06
cpu MHz		: 2100.000
cache size	: 11264 KB
physical id	: 0
siblings	: 8
core id		: 1
cpu cores	: 8
apicid		: 2
initial apicid	: 2
fpu		: yes
fpu_exception	: yes
cpuid level	: 22
wp		: yes
flags		: fpu vme de pse tsc msr pae mce cx8 apic sep mtrr pge mca cmov pat pse36 clflush dts acpi mmx fxsr sse sse2 ss ht tm pbe syscall nx pdpe1gb rdtscp lm constant_tsc art arch_perfmon pebs bts rep_good nopl xtopology nonstop_tsc aperfmperf eagerfpu pni pclmulqdq dtes64 monitor ds_cpl vmx smx est tm2 ssse3 sdbg fma cx16 xtpr pdcm pcid dca sse4_1 sse4_2 x2apic movbe popcnt tsc_deadline_timer aes xsave avx f16c rdrand lahf_lm abm 3dnowprefetch epb cat_l3 cdp_l3 invpcid_single intel_ppin intel_pt ssbd mba ibrs ibpb stibp tpr_shadow vnmi flexpriority ept vpid fsgsbase tsc_adjust bmi1 hle avx2 smep bmi2 erms invpcid rtm cqm mpx rdt_a avx512f avx512dq rdseed adx smap clflushopt clwb avx512cd avx512bw avx512vl xsaveopt xsavec xgetbv1 cqm_llc cqm_occup_llc cqm_mbm_total cqm_mbm_local dtherm ida arat pln pts pku ospke md_clear spec_ctrl intel_stibp flush_l1d
bogomips	: 4200.00
clflush size	: 64
cache_alignment	: 64
address sizes	: 46 bits physical, 48 bits virtual
power management:

processor	: 2
vendor_id	: GenuineIntel
cpu family	: 6
model		: 85
model name	: Intel(R) Xeon(R) Silver 4110 CPU @ 2.10GHz
stepping	: 4
microcode	: 0x2006b06
cpu MHz		: 2100.000
cache size	: 11264 KB
physical id	: 0
siblings	: 8
core id		: 2
cpu cores	: 8
apicid		: 4
initial apicid	: 4
fpu		: yes
fpu_exception	: yes
cpuid level	: 22
wp		: yes
flags		: fpu vme de pse tsc msr pae mce cx8 apic sep mtrr pge mca cmov pat pse36 clflush dts acpi mmx fxsr sse sse2 ss ht tm pbe syscall nx pdpe1gb rdtscp lm constant_tsc art arch_perfmon pebs bts rep_good nopl xtopology nonstop_tsc aperfmperf eagerfpu pni pclmulqdq dtes64 monitor ds_cpl vmx smx est tm2 ssse3 sdbg fma cx16 xtpr pdcm pcid dca sse4_1 sse4_2 x2apic movbe popcnt tsc_deadline_timer aes xsave avx f16c rdrand lahf_lm abm 3dnowprefetch epb cat_l3 cdp_l3 invpcid_single intel_ppin intel_pt ssbd mba ibrs ibpb stibp tpr_shadow vnmi flexpriority ept vpid fsgsbase tsc_adjust bmi1 hle avx2 smep bmi2 erms invpcid rtm cqm mpx rdt_a avx512f avx512dq rdseed adx smap clflushopt clwb avx512cd avx512bw avx512vl xsaveopt xsavec xgetbv1 cqm_llc cqm_occup_llc cqm_mbm_total cqm_mbm_local dtherm ida arat pln pts pku ospke md_clear spec_ctrl intel_stibp flush_l1d
bogomips	: 4200.00
clflush size	: 64
cache_alignment	: 64
address sizes	: 46 bits physical, 48 bits virtual
power management:

processor	: 3
vendor_id	: GenuineIntel
cpu family	: 6
model		: 85
model name	: Intel(R) Xeon(R) Silver 4110 CPU @ 2.10GHz
stepping	: 4
microcode	: 0x2006b06
cpu MHz		: 2100.000
cache size	: 11264 KB
physical id	: 0
siblings	: 8
core id		: 3
cpu cores	: 8
apicid		: 6
initial apicid	: 6
fpu		: yes
fpu_exception	: yes
cpuid level	: 22
wp		: yes
flags		: fpu vme de pse tsc msr pae mce cx8 apic sep mtrr pge mca cmov pat pse36 clflush dts acpi mmx fxsr sse sse2 ss ht tm pbe syscall nx pdpe1gb rdtscp lm constant_tsc art arch_perfmon pebs bts rep_good nopl xtopology nonstop_tsc aperfmperf eagerfpu pni pclmulqdq dtes64 monitor ds_cpl vmx smx est tm2 ssse3 sdbg fma cx16 xtpr pdcm pcid dca sse4_1 sse4_2 x2apic movbe popcnt tsc_deadline_timer aes xsave avx f16c rdrand lahf_lm abm 3dnowprefetch epb cat_l3 cdp_l3 invpcid_single intel_ppin intel_pt ssbd mba ibrs ibpb stibp tpr_shadow vnmi flexpriority ept vpid fsgsbase tsc_adjust bmi1 hle avx2 smep bmi2 erms invpcid rtm cqm mpx rdt_a avx512f avx512dq rdseed adx smap clflushopt clwb avx512cd avx512bw avx512vl xsaveopt xsavec xgetbv1 cqm_llc cqm_occup_llc cqm_mbm_total cqm_mbm_local dtherm ida arat pln pts pku ospke md_clear spec_ctrl intel_stibp flush_l1d
bogomips	: 4200.00
clflush size	: 64
cache_alignment	: 64
address sizes	: 46 bits physical, 48 bits virtual
power management:

processor	: 4
vendor_id	: GenuineIntel
cpu family	: 6
model		: 85
model name	: Intel(R) Xeon(R) Silver 4110 CPU @ 2.10GHz
stepping	: 4
microcode	: 0x2006b06
cpu MHz		: 2100.000
cache size	: 11264 KB
physical id	: 0
siblings	: 8
core id		: 4
cpu cores	: 8
apicid		: 8
initial apicid	: 8
fpu		: yes
fpu_exception	: yes
cpuid level	: 22
wp		: yes
flags		: fpu vme de pse tsc msr pae mce cx8 apic sep mtrr pge mca cmov pat pse36 clflush dts acpi mmx fxsr sse sse2 ss ht tm pbe syscall nx pdpe1gb rdtscp lm constant_tsc art arch_perfmon pebs bts rep_good nopl xtopology nonstop_tsc aperfmperf eagerfpu pni pclmulqdq dtes64 monitor ds_cpl vmx smx est tm2 ssse3 sdbg fma cx16 xtpr pdcm pcid dca sse4_1 sse4_2 x2apic movbe popcnt tsc_deadline_timer aes xsave avx f16c rdrand lahf_lm abm 3dnowprefetch epb cat_l3 cdp_l3 invpcid_single intel_ppin intel_pt ssbd mba ibrs ibpb stibp tpr_shadow vnmi flexpriority ept vpid fsgsbase tsc_adjust bmi1 hle avx2 smep bmi2 erms invpcid rtm cqm mpx rdt_a avx512f avx512dq rdseed adx smap clflushopt clwb avx512cd avx512bw avx512vl xsaveopt xsavec xgetbv1 cqm_llc cqm_occup_llc cqm_mbm_total cqm_mbm_local dtherm ida arat pln pts pku ospke md_clear spec_ctrl intel_stibp flush_l1d
bogomips	: 4200.00
clflush size	: 64
cache_alignment	: 64
address sizes	: 46 bits physical, 48 bits virtual
power management:

processor	: 5
vendor_id	: GenuineIntel
cpu family	: 6
model		: 85
model name	: Intel(R) Xeon(R) Silver 4110 CPU @ 2.10GHz
stepping	: 4
microcode	: 0x2006b06
cpu MHz		: 2100.000
cache size	: 11264 KB
physical id	: 0
siblings	: 8
core id		: 5
cpu cores	: 8
apicid		: 10
initial apicid	: 10
fpu		: yes
fpu_exception	: yes
cpuid level	: 22
wp		: yes
flags		: fpu vme de pse tsc msr pae mce cx8 apic sep mtrr pge mca cmov pat pse36 clflush dts acpi mmx fxsr sse sse2 ss ht tm pbe syscall nx pdpe1gb rdtscp lm constant_tsc art arch_perfmon pebs bts rep_good nopl xtopology nonstop_tsc aperfmperf eagerfpu pni pclmulqdq dtes64 monitor ds_cpl vmx smx est tm2 ssse3 sdbg fma cx16 xtpr pdcm pcid dca sse4_1 sse4_2 x2apic movbe popcnt tsc_deadline_timer aes xsave avx f16c rdrand lahf_lm abm 3dnowprefetch epb cat_l3 cdp_l3 invpcid_single intel_ppin intel_pt ssbd mba ibrs ibpb stibp tpr_shadow vnmi flexpriority ept vpid fsgsbase tsc_adjust bmi1 hle avx2 smep bmi2 erms invpcid rtm cqm mpx rdt_a avx512f avx512dq rdseed adx smap clflushopt clwb avx512cd avx512bw avx512vl xsaveopt xsavec xgetbv1 cqm_llc cqm_occup_llc cqm_mbm_total cqm_mbm_local dtherm ida arat pln pts pku ospke md_clear spec_ctrl intel_stibp flush_l1d
bogomips	: 4200.00
clflush size	: 64
cache_alignment	: 64
address sizes	: 46 bits physical, 48 bits virtual
power management:

processor	: 6
vendor_id	: GenuineIntel
cpu family	: 6
model		: 85
model name	: Intel(R) Xeon(R) Silver 4110 CPU @ 2.10GHz
stepping	: 4
microcode	: 0x2006b06
cpu MHz		: 2100.000
cache size	: 11264 KB
physical id	: 0
siblings	: 8
core id		: 6
cpu cores	: 8
apicid		: 12
initial apicid	: 12
fpu		: yes
fpu_exception	: yes
cpuid level	: 22
wp		: yes
flags		: fpu vme de pse tsc msr pae mce cx8 apic sep mtrr pge mca cmov pat pse36 clflush dts acpi mmx fxsr sse sse2 ss ht tm pbe syscall nx pdpe1gb rdtscp lm constant_tsc art arch_perfmon pebs bts rep_good nopl xtopology nonstop_tsc aperfmperf eagerfpu pni pclmulqdq dtes64 monitor ds_cpl vmx smx est tm2 ssse3 sdbg fma cx16 xtpr pdcm pcid dca sse4_1 sse4_2 x2apic movbe popcnt tsc_deadline_timer aes xsave avx f16c rdrand lahf_lm abm 3dnowprefetch epb cat_l3 cdp_l3 invpcid_single intel_ppin intel_pt ssbd mba ibrs ibpb stibp tpr_shadow vnmi flexpriority ept vpid fsgsbase tsc_adjust bmi1 hle avx2 smep bmi2 erms invpcid rtm cqm mpx rdt_a avx512f avx512dq rdseed adx smap clflushopt clwb avx512cd avx512bw avx512vl xsaveopt xsavec xgetbv1 cqm_llc cqm_occup_llc cqm_mbm_total cqm_mbm_local dtherm ida arat pln pts pku ospke md_clear spec_ctrl intel_stibp flush_l1d
bogomips	: 4200.00
clflush size	: 64
cache_alignment	: 64
address sizes	: 46 bits physical, 48 bits virtual
power management:

processor	: 7
vendor_id	: GenuineIntel
cpu family	: 6
model		: 85
model name	: Intel(R) Xeon(R) Silver 4110 CPU @ 2.10GHz
stepping	: 4
microcode	: 0x2006b06
cpu MHz		: 2100.000
cache size	: 11264 KB
physical id	: 0
siblings	: 8
core id		: 7
cpu cores	: 8
apicid		: 14
initial apicid	: 14
fpu		: yes
fpu_exception	: yes
cpuid level	: 22
wp		: yes
flags		: fpu vme de pse tsc msr pae mce cx8 apic sep mtrr pge mca cmov pat pse36 clflush dts acpi mmx fxsr sse sse2 ss ht tm pbe syscall nx pdpe1gb rdtscp lm constant_tsc art arch_perfmon pebs bts rep_good nopl xtopology nonstop_tsc aperfmperf eagerfpu pni pclmulqdq dtes64 monitor ds_cpl vmx smx est tm2 ssse3 sdbg fma cx16 xtpr pdcm pcid dca sse4_1 sse4_2 x2apic movbe popcnt tsc_deadline_timer aes xsave avx f16c rdrand lahf_lm abm 3dnowprefetch epb cat_l3 cdp_l3 invpcid_single intel_ppin intel_pt ssbd mba ibrs ibpb stibp tpr_shadow vnmi flexpriority ept vpid fsgsbase tsc_adjust bmi1 hle avx2 smep bmi2 erms invpcid rtm cqm mpx rdt_a avx512f avx512dq rdseed adx smap clflushopt clwb avx512cd avx512bw avx512vl xsaveopt xsavec xgetbv1 cqm_llc cqm_occup_llc cqm_mbm_total cqm_mbm_local dtherm ida arat pln pts pku ospke md_clear spec_ctrl intel_stibp flush_l1d
bogomips	: 4200.00
clflush size	: 64
cache_alignment	: 64
address sizes	: 46 bits physical, 48 bits virtual
power management:

processor	: 8
vendor_id	: GenuineIntel
cpu family	: 6
model		: 85
model name	: Intel(R) Xeon(R) Silver 4110 CPU @ 2.10GHz
stepping	: 4
microcode	: 0x2006b06
cpu MHz		: 2100.000
cache size	: 11264 KB
physical id	: 1
siblings	: 8
core id		: 0
cpu cores	: 8
apicid		: 16
initial apicid	: 16
fpu		: yes
fpu_exception	: yes
cpuid level	: 22
wp		: yes
flags		: fpu vme de pse tsc msr pae mce cx8 apic sep mtrr pge mca cmov pat pse36 clflush dts acpi mmx fxsr sse sse2 ss ht tm pbe syscall nx pdpe1gb rdtscp lm constant_tsc art arch_perfmon pebs bts rep_good nopl xtopology nonstop_tsc aperfmperf eagerfpu pni pclmulqdq dtes64 monitor ds_cpl vmx smx est tm2 ssse3 sdbg fma cx16 xtpr pdcm pcid dca sse4_1 sse4_2 x2apic movbe popcnt tsc_deadline_timer aes xsave avx f16c rdrand lahf_lm abm 3dnowprefetch epb cat_l3 cdp_l3 invpcid_single intel_ppin intel_pt ssbd mba ibrs ibpb stibp tpr_shadow vnmi flexpriority ept vpid fsgsbase tsc_adjust bmi1 hle avx2 smep bmi2 erms invpcid rtm cqm mpx rdt_a avx512f avx512dq rdseed adx smap clflushopt clwb avx512cd avx512bw avx512vl xsaveopt xsavec xgetbv1 cqm_llc cqm_occup_llc cqm_mbm_total cqm_mbm_local dtherm ida arat pln pts pku ospke md_clear spec_ctrl intel_stibp flush_l1d
bogomips	: 4214.96
clflush size	: 64
cache_alignment	: 64
address sizes	: 46 bits physical, 48 bits virtual
power management:

processor	: 9
vendor_id	: GenuineIntel
cpu family	: 6
model		: 85
model name	: Intel(R) Xeon(R) Silver 4110 CPU @ 2.10GHz
stepping	: 4
microcode	: 0x2006b06
cpu MHz		: 2100.000
cache size	: 11264 KB
physical id	: 1
siblings	: 8
core id		: 1
cpu cores	: 8
apicid		: 18
initial apicid	: 18
fpu		: yes
fpu_exception	: yes
cpuid level	: 22
wp		: yes
flags		: fpu vme de pse tsc msr pae mce cx8 apic sep mtrr pge mca cmov pat pse36 clflush dts acpi mmx fxsr sse sse2 ss ht tm pbe syscall nx pdpe1gb rdtscp lm constant_tsc art arch_perfmon pebs bts rep_good nopl xtopology nonstop_tsc aperfmperf eagerfpu pni pclmulqdq dtes64 monitor ds_cpl vmx smx est tm2 ssse3 sdbg fma cx16 xtpr pdcm pcid dca sse4_1 sse4_2 x2apic movbe popcnt tsc_deadline_timer aes xsave avx f16c rdrand lahf_lm abm 3dnowprefetch epb cat_l3 cdp_l3 invpcid_single intel_ppin intel_pt ssbd mba ibrs ibpb stibp tpr_shadow vnmi flexpriority ept vpid fsgsbase tsc_adjust bmi1 hle avx2 smep bmi2 erms invpcid rtm cqm mpx rdt_a avx512f avx512dq rdseed adx smap clflushopt clwb avx512cd avx512bw avx512vl xsaveopt xsavec xgetbv1 cqm_llc cqm_occup_llc cqm_mbm_total cqm_mbm_local dtherm ida arat pln pts pku ospke md_clear spec_ctrl intel_stibp flush_l1d
bogomips	: 4214.96
clflush size	: 64
cache_alignment	: 64
address sizes	: 46 bits physical, 48 bits virtual
power management:

processor	: 10
vendor_id	: GenuineIntel
cpu family	: 6
model		: 85
model name	: Intel(R) Xeon(R) Silver 4110 CPU @ 2.10GHz
stepping	: 4
microcode	: 0x2006b06
cpu MHz		: 2100.000
cache size	: 11264 KB
physical id	: 1
siblings	: 8
core id		: 2
cpu cores	: 8
apicid		: 20
initial apicid	: 20
fpu		: yes
fpu_exception	: yes
cpuid level	: 22
wp		: yes
flags		: fpu vme de pse tsc msr pae mce cx8 apic sep mtrr pge mca cmov pat pse36 clflush dts acpi mmx fxsr sse sse2 ss ht tm pbe syscall nx pdpe1gb rdtscp lm constant_tsc art arch_perfmon pebs bts rep_good nopl xtopology nonstop_tsc aperfmperf eagerfpu pni pclmulqdq dtes64 monitor ds_cpl vmx smx est tm2 ssse3 sdbg fma cx16 xtpr pdcm pcid dca sse4_1 sse4_2 x2apic movbe popcnt tsc_deadline_timer aes xsave avx f16c rdrand lahf_lm abm 3dnowprefetch epb cat_l3 cdp_l3 invpcid_single intel_ppin intel_pt ssbd mba ibrs ibpb stibp tpr_shadow vnmi flexpriority ept vpid fsgsbase tsc_adjust bmi1 hle avx2 smep bmi2 erms invpcid rtm cqm mpx rdt_a avx512f avx512dq rdseed adx smap clflushopt clwb avx512cd avx512bw avx512vl xsaveopt xsavec xgetbv1 cqm_llc cqm_occup_llc cqm_mbm_total cqm_mbm_local dtherm ida arat pln pts pku ospke md_clear spec_ctrl intel_stibp flush_l1d
bogomips	: 4214.96
clflush size	: 64
cache_alignment	: 64
address sizes	: 46 bits physical, 48 bits virtual
power management:

processor	: 11
vendor_id	: GenuineIntel
cpu family	: 6
model		: 85
model name	: Intel(R) Xeon(R) Silver 4110 CPU @ 2.10GHz
stepping	: 4
microcode	: 0x2006b06
cpu MHz		: 2100.000
cache size	: 11264 KB
physical id	: 1
siblings	: 8
core id		: 3
cpu cores	: 8
apicid		: 22
initial apicid	: 22
fpu		: yes
fpu_exception	: yes
cpuid level	: 22
wp		: yes
flags		: fpu vme de pse tsc msr pae mce cx8 apic sep mtrr pge mca cmov pat pse36 clflush dts acpi mmx fxsr sse sse2 ss ht tm pbe syscall nx pdpe1gb rdtscp lm constant_tsc art arch_perfmon pebs bts rep_good nopl xtopology nonstop_tsc aperfmperf eagerfpu pni pclmulqdq dtes64 monitor ds_cpl vmx smx est tm2 ssse3 sdbg fma cx16 xtpr pdcm pcid dca sse4_1 sse4_2 x2apic movbe popcnt tsc_deadline_timer aes xsave avx f16c rdrand lahf_lm abm 3dnowprefetch epb cat_l3 cdp_l3 invpcid_single intel_ppin intel_pt ssbd mba ibrs ibpb stibp tpr_shadow vnmi flexpriority ept vpid fsgsbase tsc_adjust bmi1 hle avx2 smep bmi2 erms invpcid rtm cqm mpx rdt_a avx512f avx512dq rdseed adx smap clflushopt clwb avx512cd avx512bw avx512vl xsaveopt xsavec xgetbv1 cqm_llc cqm_occup_llc cqm_mbm_total cqm_mbm_local dtherm ida arat pln pts pku ospke md_clear spec_ctrl intel_stibp flush_l1d
bogomips	: 4214.96
clflush size	: 64
cache_alignment	: 64
address sizes	: 46 bits physical, 48 bits virtual
power management:

processor	: 12
vendor_id	: GenuineIntel
cpu family	: 6
model		: 85
model name	: Intel(R) Xeon(R) Silver 4110 CPU @ 2.10GHz
stepping	: 4
microcode	: 0x2006b06
cpu MHz		: 2100.000
cache size	: 11264 KB
physical id	: 1
siblings	: 8
core id		: 4
cpu cores	: 8
apicid		: 24
initial apicid	: 24
fpu		: yes
fpu_exception	: yes
cpuid level	: 22
wp		: yes
flags		: fpu vme de pse tsc msr pae mce cx8 apic sep mtrr pge mca cmov pat pse36 clflush dts acpi mmx fxsr sse sse2 ss ht tm pbe syscall nx pdpe1gb rdtscp lm constant_tsc art arch_perfmon pebs bts rep_good nopl xtopology nonstop_tsc aperfmperf eagerfpu pni pclmulqdq dtes64 monitor ds_cpl vmx smx est tm2 ssse3 sdbg fma cx16 xtpr pdcm pcid dca sse4_1 sse4_2 x2apic movbe popcnt tsc_deadline_timer aes xsave avx f16c rdrand lahf_lm abm 3dnowprefetch epb cat_l3 cdp_l3 invpcid_single intel_ppin intel_pt ssbd mba ibrs ibpb stibp tpr_shadow vnmi flexpriority ept vpid fsgsbase tsc_adjust bmi1 hle avx2 smep bmi2 erms invpcid rtm cqm mpx rdt_a avx512f avx512dq rdseed adx smap clflushopt clwb avx512cd avx512bw avx512vl xsaveopt xsavec xgetbv1 cqm_llc cqm_occup_llc cqm_mbm_total cqm_mbm_local dtherm ida arat pln pts pku ospke md_clear spec_ctrl intel_stibp flush_l1d
bogomips	: 4214.96
clflush size	: 64
cache_alignment	: 64
address sizes	: 46 bits physical, 48 bits virtual
power management:

processor	: 13
vendor_id	: GenuineIntel
cpu family	: 6
model		: 85
model name	: Intel(R) Xeon(R) Silver 4110 CPU @ 2.10GHz
stepping	: 4
microcode	: 0x2006b06
cpu MHz		: 2100.000
cache size	: 11264 KB
physical id	: 1
siblings	: 8
core id		: 5
cpu cores	: 8
apicid		: 26
initial apicid	: 26
fpu		: yes
fpu_exception	: yes
cpuid level	: 22
wp		: yes
flags		: fpu vme de pse tsc msr pae mce cx8 apic sep mtrr pge mca cmov pat pse36 clflush dts acpi mmx fxsr sse sse2 ss ht tm pbe syscall nx pdpe1gb rdtscp lm constant_tsc art arch_perfmon pebs bts rep_good nopl xtopology nonstop_tsc aperfmperf eagerfpu pni pclmulqdq dtes64 monitor ds_cpl vmx smx est tm2 ssse3 sdbg fma cx16 xtpr pdcm pcid dca sse4_1 sse4_2 x2apic movbe popcnt tsc_deadline_timer aes xsave avx f16c rdrand lahf_lm abm 3dnowprefetch epb cat_l3 cdp_l3 invpcid_single intel_ppin intel_pt ssbd mba ibrs ibpb stibp tpr_shadow vnmi flexpriority ept vpid fsgsbase tsc_adjust bmi1 hle avx2 smep bmi2 erms invpcid rtm cqm mpx rdt_a avx512f avx512dq rdseed adx smap clflushopt clwb avx512cd avx512bw avx512vl xsaveopt xsavec xgetbv1 cqm_llc cqm_occup_llc cqm_mbm_total cqm_mbm_local dtherm ida arat pln pts pku ospke md_clear spec_ctrl intel_stibp flush_l1d
bogomips	: 4214.96
clflush size	: 64
cache_alignment	: 64
address sizes	: 46 bits physical, 48 bits virtual
power management:

processor	: 14
vendor_id	: GenuineIntel
cpu family	: 6
model		: 85
model name	: Intel(R) Xeon(R) Silver 4110 CPU @ 2.10GHz
stepping	: 4
microcode	: 0x2006b06
cpu MHz		: 2100.000
cache size	: 11264 KB
physical id	: 1
siblings	: 8
core id		: 6
cpu cores	: 8
apicid		: 28
initial apicid	: 28
fpu		: yes
fpu_exception	: yes
cpuid level	: 22
wp		: yes
flags		: fpu vme de pse tsc msr pae mce cx8 apic sep mtrr pge mca cmov pat pse36 clflush dts acpi mmx fxsr sse sse2 ss ht tm pbe syscall nx pdpe1gb rdtscp lm constant_tsc art arch_perfmon pebs bts rep_good nopl xtopology nonstop_tsc aperfmperf eagerfpu pni pclmulqdq dtes64 monitor ds_cpl vmx smx est tm2 ssse3 sdbg fma cx16 xtpr pdcm pcid dca sse4_1 sse4_2 x2apic movbe popcnt tsc_deadline_timer aes xsave avx f16c rdrand lahf_lm abm 3dnowprefetch epb cat_l3 cdp_l3 invpcid_single intel_ppin intel_pt ssbd mba ibrs ibpb stibp tpr_shadow vnmi flexpriority ept vpid fsgsbase tsc_adjust bmi1 hle avx2 smep bmi2 erms invpcid rtm cqm mpx rdt_a avx512f avx512dq rdseed adx smap clflushopt clwb avx512cd avx512bw avx512vl xsaveopt xsavec xgetbv1 cqm_llc cqm_occup_llc cqm_mbm_total cqm_mbm_local dtherm ida arat pln pts pku ospke md_clear spec_ctrl intel_stibp flush_l1d
bogomips	: 4214.96
clflush size	: 64
cache_alignment	: 64
address sizes	: 46 bits physical, 48 bits virtual
power management:

processor	: 15
vendor_id	: GenuineIntel
cpu family	: 6
model		: 85
model name	: Intel(R) Xeon(R) Silver 4110 CPU @ 2.10GHz
stepping	: 4
microcode	: 0x2006b06
cpu MHz		: 2100.000
cache size	: 11264 KB
physical id	: 1
siblings	: 8
core id		: 7
cpu cores	: 8
apicid		: 30
initial apicid	: 30
fpu		: yes
fpu_exception	: yes
cpuid level	: 22
wp		: yes
flags		: fpu vme de pse tsc msr pae mce cx8 apic sep mtrr pge mca cmov pat pse36 clflush dts acpi mmx fxsr sse sse2 ss ht tm pbe syscall nx pdpe1gb rdtscp lm constant_tsc art arch_perfmon pebs bts rep_good nopl xtopology nonstop_tsc aperfmperf eagerfpu pni pclmulqdq dtes64 monitor ds_cpl vmx smx est tm2 ssse3 sdbg fma cx16 xtpr pdcm pcid dca sse4_1 sse4_2 x2apic movbe popcnt tsc_deadline_timer aes xsave avx f16c rdrand lahf_lm abm 3dnowprefetch epb cat_l3 cdp_l3 invpcid_single intel_ppin intel_pt ssbd mba ibrs ibpb stibp tpr_shadow vnmi flexpriority ept vpid fsgsbase tsc_adjust bmi1 hle avx2 smep bmi2 erms invpcid rtm cqm mpx rdt_a avx512f avx512dq rdseed adx smap clflushopt clwb avx512cd avx512bw avx512vl xsaveopt xsavec xgetbv1 cqm_llc cqm_occup_llc cqm_mbm_total cqm_mbm_local dtherm ida arat pln pts pku ospke md_clear spec_ctrl intel_stibp flush_l1d
bogomips	: 4214.96
clflush size	: 64
cache_alignment	: 64
address sizes	: 46 bits physical, 48 bits virtual
power management:



Memory: 4k page, physical 395752896k(80590624k free), swap 4194300k(4194300k free)

vm_info: OpenJDK 64-Bit Server VM (25.322-b06) for linux-amd64 JRE (1.8.0_322-b06), built on Jan 27 2022 17:54:59 by "mockbuild" with gcc 4.8.5 20150623 (Red Hat 4.8.5-44)

time: Mon Oct 31 11:59:45 2022
timezone: EDT
elapsed time: 0.090101 seconds (0d 0h 0m 0s)

